{"D:\\Git repo for Office\\00-Research\\exam_portal\\src\\utils\\response_message.js":{"path":"D:\\Git repo for Office\\00-Research\\exam_portal\\src\\utils\\response_message.js","statementMap":{"0":{"start":{"line":1,"column":0},"end":{"line":104,"column":2}},"1":{"start":{"line":106,"column":0},"end":{"line":287,"column":1}}},"fnMap":{},"branchMap":{},"s":{"0":1,"1":1},"f":{},"b":{},"_coverageSchema":"1a1c01bbd47fc00a2c39e90264f33305004495a9","hash":"4bcef64f1945996f5ed75de22955e59b890a671a","contentHash":"bdac4862d4d7084f540dd52f18647af2e1ce24f0bf74662f091a3d8a597d0c44"},"D:\\Git repo for Office\\00-Research\\exam_portal\\src\\controller\\answerCtrl.js":{"path":"D:\\Git repo for Office\\00-Research\\exam_portal\\src\\controller\\answerCtrl.js","statementMap":{"0":{"start":{"line":1,"column":16},"end":{"line":1,"column":43}},"1":{"start":{"line":3,"column":24},"end":{"line":3,"column":60}},"2":{"start":{"line":5,"column":16},"end":{"line":5,"column":64}},"3":{"start":{"line":7,"column":17},"end":{"line":7,"column":45}},"4":{"start":{"line":9,"column":18},"end":{"line":9,"column":55}},"5":{"start":{"line":41,"column":0},"end":{"line":73,"column":1}},"6":{"start":{"line":42,"column":4},"end":{"line":72,"column":5}},"7":{"start":{"line":43,"column":8},"end":{"line":43,"column":39}},"8":{"start":{"line":45,"column":27},"end":{"line":45,"column":77}},"9":{"start":{"line":47,"column":8},"end":{"line":66,"column":9}},"10":{"start":{"line":48,"column":25},"end":{"line":51,"column":13}},"11":{"start":{"line":53,"column":37},"end":{"line":53,"column":76}},"12":{"start":{"line":55,"column":12},"end":{"line":63,"column":13}},"13":{"start":{"line":56,"column":36},"end":{"line":56,"column":69}},"14":{"start":{"line":57,"column":16},"end":{"line":57,"column":100}},"15":{"start":{"line":62,"column":16},"end":{"line":62,"column":87}},"16":{"start":{"line":65,"column":12},"end":{"line":65,"column":84}},"17":{"start":{"line":71,"column":8},"end":{"line":71,"column":46}},"18":{"start":{"line":85,"column":0},"end":{"line":114,"column":1}},"19":{"start":{"line":86,"column":4},"end":{"line":113,"column":5}},"20":{"start":{"line":88,"column":27},"end":{"line":88,"column":78}},"21":{"start":{"line":89,"column":8},"end":{"line":89,"column":48}},"22":{"start":{"line":90,"column":8},"end":{"line":109,"column":9}},"23":{"start":{"line":92,"column":31},"end":{"line":92,"column":62}},"24":{"start":{"line":97,"column":29},"end":{"line":97,"column":31}},"25":{"start":{"line":98,"column":12},"end":{"line":104,"column":13}},"26":{"start":{"line":99,"column":16},"end":{"line":103,"column":18}},"27":{"start":{"line":105,"column":12},"end":{"line":105,"column":98}},"28":{"start":{"line":108,"column":12},"end":{"line":108,"column":84}},"29":{"start":{"line":112,"column":8},"end":{"line":112,"column":44}},"30":{"start":{"line":129,"column":0},"end":{"line":165,"column":1}},"31":{"start":{"line":130,"column":4},"end":{"line":164,"column":5}},"32":{"start":{"line":132,"column":27},"end":{"line":132,"column":78}},"33":{"start":{"line":133,"column":8},"end":{"line":133,"column":48}},"34":{"start":{"line":134,"column":8},"end":{"line":159,"column":9}},"35":{"start":{"line":136,"column":25},"end":{"line":138,"column":13}},"36":{"start":{"line":141,"column":34},"end":{"line":141,"column":88}},"37":{"start":{"line":142,"column":12},"end":{"line":156,"column":13}},"38":{"start":{"line":143,"column":36},"end":{"line":143,"column":38}},"39":{"start":{"line":144,"column":16},"end":{"line":150,"column":17}},"40":{"start":{"line":145,"column":20},"end":{"line":149,"column":22}},"41":{"start":{"line":152,"column":16},"end":{"line":152,"column":114}},"42":{"start":{"line":154,"column":16},"end":{"line":154,"column":36}},"43":{"start":{"line":155,"column":16},"end":{"line":155,"column":83}},"44":{"start":{"line":158,"column":12},"end":{"line":158,"column":84}},"45":{"start":{"line":163,"column":8},"end":{"line":163,"column":44}},"46":{"start":{"line":194,"column":0},"end":{"line":230,"column":1}},"47":{"start":{"line":195,"column":4},"end":{"line":229,"column":5}},"48":{"start":{"line":196,"column":8},"end":{"line":196,"column":39}},"49":{"start":{"line":198,"column":27},"end":{"line":198,"column":77}},"50":{"start":{"line":200,"column":8},"end":{"line":226,"column":9}},"51":{"start":{"line":203,"column":25},"end":{"line":207,"column":13}},"52":{"start":{"line":209,"column":37},"end":{"line":209,"column":89}},"53":{"start":{"line":211,"column":12},"end":{"line":222,"column":13}},"54":{"start":{"line":213,"column":27},"end":{"line":213,"column":72}},"55":{"start":{"line":215,"column":42},"end":{"line":215,"column":94}},"56":{"start":{"line":218,"column":16},"end":{"line":218,"column":117}},"57":{"start":{"line":221,"column":16},"end":{"line":221,"column":82}},"58":{"start":{"line":225,"column":12},"end":{"line":225,"column":84}},"59":{"start":{"line":228,"column":8},"end":{"line":228,"column":46}},"60":{"start":{"line":253,"column":0},"end":{"line":280,"column":1}},"61":{"start":{"line":254,"column":4},"end":{"line":279,"column":5}},"62":{"start":{"line":255,"column":8},"end":{"line":255,"column":39}},"63":{"start":{"line":256,"column":27},"end":{"line":256,"column":78}},"64":{"start":{"line":258,"column":8},"end":{"line":275,"column":9}},"65":{"start":{"line":259,"column":25},"end":{"line":261,"column":13}},"66":{"start":{"line":262,"column":37},"end":{"line":262,"column":89}},"67":{"start":{"line":264,"column":12},"end":{"line":272,"column":13}},"68":{"start":{"line":266,"column":44},"end":{"line":266,"column":101}},"69":{"start":{"line":268,"column":16},"end":{"line":268,"column":118}},"70":{"start":{"line":270,"column":16},"end":{"line":270,"column":82}},"71":{"start":{"line":274,"column":12},"end":{"line":274,"column":84}},"72":{"start":{"line":278,"column":8},"end":{"line":278,"column":44}}},"fnMap":{"0":{"name":"(anonymous_0)","decl":{"start":{"line":41,"column":20},"end":{"line":41,"column":21}},"loc":{"start":{"line":41,"column":45},"end":{"line":73,"column":1}},"line":41},"1":{"name":"(anonymous_1)","decl":{"start":{"line":85,"column":25},"end":{"line":85,"column":26}},"loc":{"start":{"line":85,"column":50},"end":{"line":114,"column":1}},"line":85},"2":{"name":"(anonymous_2)","decl":{"start":{"line":129,"column":32},"end":{"line":129,"column":33}},"loc":{"start":{"line":129,"column":57},"end":{"line":165,"column":1}},"line":129},"3":{"name":"(anonymous_3)","decl":{"start":{"line":194,"column":32},"end":{"line":194,"column":33}},"loc":{"start":{"line":194,"column":57},"end":{"line":230,"column":1}},"line":194},"4":{"name":"(anonymous_4)","decl":{"start":{"line":253,"column":34},"end":{"line":253,"column":35}},"loc":{"start":{"line":253,"column":59},"end":{"line":280,"column":1}},"line":253}},"branchMap":{"0":{"loc":{"start":{"line":47,"column":8},"end":{"line":66,"column":9}},"type":"if","locations":[{"start":{"line":47,"column":8},"end":{"line":66,"column":9}},{"start":{"line":47,"column":8},"end":{"line":66,"column":9}}],"line":47},"1":{"loc":{"start":{"line":55,"column":12},"end":{"line":63,"column":13}},"type":"if","locations":[{"start":{"line":55,"column":12},"end":{"line":63,"column":13}},{"start":{"line":55,"column":12},"end":{"line":63,"column":13}}],"line":55},"2":{"loc":{"start":{"line":90,"column":8},"end":{"line":109,"column":9}},"type":"if","locations":[{"start":{"line":90,"column":8},"end":{"line":109,"column":9}},{"start":{"line":90,"column":8},"end":{"line":109,"column":9}}],"line":90},"3":{"loc":{"start":{"line":134,"column":8},"end":{"line":159,"column":9}},"type":"if","locations":[{"start":{"line":134,"column":8},"end":{"line":159,"column":9}},{"start":{"line":134,"column":8},"end":{"line":159,"column":9}}],"line":134},"4":{"loc":{"start":{"line":142,"column":12},"end":{"line":156,"column":13}},"type":"if","locations":[{"start":{"line":142,"column":12},"end":{"line":156,"column":13}},{"start":{"line":142,"column":12},"end":{"line":156,"column":13}}],"line":142},"5":{"loc":{"start":{"line":200,"column":8},"end":{"line":226,"column":9}},"type":"if","locations":[{"start":{"line":200,"column":8},"end":{"line":226,"column":9}},{"start":{"line":200,"column":8},"end":{"line":226,"column":9}}],"line":200},"6":{"loc":{"start":{"line":211,"column":12},"end":{"line":222,"column":13}},"type":"if","locations":[{"start":{"line":211,"column":12},"end":{"line":222,"column":13}},{"start":{"line":211,"column":12},"end":{"line":222,"column":13}}],"line":211},"7":{"loc":{"start":{"line":258,"column":8},"end":{"line":275,"column":9}},"type":"if","locations":[{"start":{"line":258,"column":8},"end":{"line":275,"column":9}},{"start":{"line":258,"column":8},"end":{"line":275,"column":9}}],"line":258},"8":{"loc":{"start":{"line":264,"column":12},"end":{"line":272,"column":13}},"type":"if","locations":[{"start":{"line":264,"column":12},"end":{"line":272,"column":13}},{"start":{"line":264,"column":12},"end":{"line":272,"column":13}}],"line":264}},"s":{"0":1,"1":1,"2":1,"3":1,"4":1,"5":1,"6":4,"7":4,"8":4,"9":3,"10":2,"11":2,"12":2,"13":1,"14":1,"15":1,"16":1,"17":1,"18":1,"19":3,"20":3,"21":2,"22":2,"23":1,"24":1,"25":1,"26":14,"27":1,"28":1,"29":1,"30":1,"31":4,"32":4,"33":3,"34":3,"35":2,"36":2,"37":2,"38":1,"39":1,"40":1,"41":1,"42":1,"43":1,"44":1,"45":1,"46":1,"47":4,"48":4,"49":4,"50":3,"51":2,"52":2,"53":2,"54":1,"55":1,"56":1,"57":1,"58":1,"59":1,"60":1,"61":4,"62":4,"63":4,"64":3,"65":2,"66":2,"67":2,"68":1,"69":1,"70":1,"71":1,"72":1},"f":{"0":4,"1":3,"2":4,"3":4,"4":4},"b":{"0":[2,1],"1":[1,1],"2":[1,1],"3":[2,1],"4":[1,1],"5":[2,1],"6":[1,1],"7":[2,1],"8":[1,1]},"_coverageSchema":"1a1c01bbd47fc00a2c39e90264f33305004495a9","hash":"a23ffddc2997edbee755c18bc7c4b2eb615ca076","contentHash":"4d62b44b2cd0d973beaf564d26c69c2fda01dee23f6e945550570b67e5979ac9"},"D:\\Git repo for Office\\00-Research\\exam_portal\\src\\utils\\utility.js":{"path":"D:\\Git repo for Office\\00-Research\\exam_portal\\src\\utils\\utility.js","statementMap":{"0":{"start":{"line":2,"column":32},"end":{"line":2,"column":61}},"1":{"start":{"line":4,"column":25},"end":{"line":4,"column":45}},"2":{"start":{"line":5,"column":25},"end":{"line":5,"column":46}},"3":{"start":{"line":6,"column":25},"end":{"line":6,"column":52}},"4":{"start":{"line":7,"column":15},"end":{"line":7,"column":32}},"5":{"start":{"line":8,"column":27},"end":{"line":8,"column":47}},"6":{"start":{"line":9,"column":24},"end":{"line":9,"column":60}},"7":{"start":{"line":10,"column":16},"end":{"line":10,"column":34}},"8":{"start":{"line":13,"column":0},"end":{"line":21,"column":2}},"9":{"start":{"line":15,"column":1},"end":{"line":19,"column":2}},"10":{"start":{"line":20,"column":1},"end":{"line":20,"column":38}},"11":{"start":{"line":24,"column":0},"end":{"line":38,"column":2}},"12":{"start":{"line":25,"column":22},"end":{"line":25,"column":83}},"13":{"start":{"line":26,"column":1},"end":{"line":28,"column":2}},"14":{"start":{"line":27,"column":2},"end":{"line":27,"column":134}},"15":{"start":{"line":29,"column":18},"end":{"line":29,"column":73}},"16":{"start":{"line":30,"column":19},"end":{"line":30,"column":106}},"17":{"start":{"line":31,"column":1},"end":{"line":31,"column":34}},"18":{"start":{"line":33,"column":1},"end":{"line":33,"column":19}},"19":{"start":{"line":40,"column":0},"end":{"line":72,"column":2}},"20":{"start":{"line":41,"column":18},"end":{"line":41,"column":46}},"21":{"start":{"line":43,"column":15},"end":{"line":43,"column":72}},"22":{"start":{"line":45,"column":19},"end":{"line":45,"column":125}},"23":{"start":{"line":47,"column":1},"end":{"line":47,"column":34}},"24":{"start":{"line":49,"column":2},"end":{"line":49,"column":20}},"25":{"start":{"line":74,"column":0},"end":{"line":90,"column":1}},"26":{"start":{"line":75,"column":1},"end":{"line":75,"column":43}},"27":{"start":{"line":77,"column":1},"end":{"line":89,"column":3}},"28":{"start":{"line":78,"column":2},"end":{"line":88,"column":3}},"29":{"start":{"line":80,"column":3},"end":{"line":80,"column":74}},"30":{"start":{"line":81,"column":3},"end":{"line":85,"column":4}},"31":{"start":{"line":82,"column":4},"end":{"line":82,"column":28}},"32":{"start":{"line":84,"column":5},"end":{"line":84,"column":29}},"33":{"start":{"line":87,"column":3},"end":{"line":87,"column":22}},"34":{"start":{"line":92,"column":2},"end":{"line":94,"column":3}},"35":{"start":{"line":97,"column":18},"end":{"line":97,"column":91}},"36":{"start":{"line":100,"column":17},"end":{"line":100,"column":19}},"37":{"start":{"line":101,"column":29},"end":{"line":101,"column":46}},"38":{"start":{"line":102,"column":4},"end":{"line":104,"column":5}},"39":{"start":{"line":102,"column":18},"end":{"line":102,"column":19}},"40":{"start":{"line":103,"column":8},"end":{"line":103,"column":82}},"41":{"start":{"line":106,"column":4},"end":{"line":106,"column":18}},"42":{"start":{"line":109,"column":0},"end":{"line":109,"column":34}},"43":{"start":{"line":111,"column":0},"end":{"line":111,"column":38}}},"fnMap":{"0":{"name":"(anonymous_0)","decl":{"start":{"line":13,"column":19},"end":{"line":13,"column":20}},"loc":{"start":{"line":13,"column":53},"end":{"line":21,"column":1}},"line":13},"1":{"name":"(anonymous_1)","decl":{"start":{"line":24,"column":20},"end":{"line":24,"column":21}},"loc":{"start":{"line":24,"column":40},"end":{"line":38,"column":1}},"line":24},"2":{"name":"(anonymous_2)","decl":{"start":{"line":40,"column":22},"end":{"line":40,"column":23}},"loc":{"start":{"line":40,"column":76},"end":{"line":72,"column":1}},"line":40},"3":{"name":"(anonymous_3)","decl":{"start":{"line":74,"column":37},"end":{"line":74,"column":38}},"loc":{"start":{"line":74,"column":56},"end":{"line":90,"column":1}},"line":74},"4":{"name":"(anonymous_4)","decl":{"start":{"line":77,"column":20},"end":{"line":77,"column":21}},"loc":{"start":{"line":77,"column":41},"end":{"line":89,"column":2}},"line":77},"5":{"name":"between","decl":{"start":{"line":91,"column":9},"end":{"line":91,"column":16}},"loc":{"start":{"line":91,"column":27},"end":{"line":95,"column":1}},"line":91},"6":{"name":"generateString","decl":{"start":{"line":99,"column":9},"end":{"line":99,"column":23}},"loc":{"start":{"line":99,"column":32},"end":{"line":107,"column":1}},"line":99}},"branchMap":{"0":{"loc":{"start":{"line":25,"column":22},"end":{"line":25,"column":83}},"type":"binary-expr","locations":[{"start":{"line":25,"column":22},"end":{"line":25,"column":39}},{"start":{"line":25,"column":43},"end":{"line":25,"column":54}},{"start":{"line":25,"column":58},"end":{"line":25,"column":83}}],"line":25},"1":{"loc":{"start":{"line":26,"column":1},"end":{"line":28,"column":2}},"type":"if","locations":[{"start":{"line":26,"column":1},"end":{"line":28,"column":2}},{"start":{"line":26,"column":1},"end":{"line":28,"column":2}}],"line":26},"2":{"loc":{"start":{"line":26,"column":5},"end":{"line":26,"column":99}},"type":"binary-expr","locations":[{"start":{"line":26,"column":5},"end":{"line":26,"column":27}},{"start":{"line":26,"column":31},"end":{"line":26,"column":60}},{"start":{"line":26,"column":64},"end":{"line":26,"column":99}}],"line":26},"3":{"loc":{"start":{"line":27,"column":100},"end":{"line":27,"column":130}},"type":"binary-expr","locations":[{"start":{"line":27,"column":100},"end":{"line":27,"column":108}},{"start":{"line":27,"column":112},"end":{"line":27,"column":130}}],"line":27},"4":{"loc":{"start":{"line":29,"column":18},"end":{"line":29,"column":73}},"type":"cond-expr","locations":[{"start":{"line":29,"column":53},"end":{"line":29,"column":67}},{"start":{"line":29,"column":70},"end":{"line":29,"column":73}}],"line":29},"5":{"loc":{"start":{"line":30,"column":74},"end":{"line":30,"column":104}},"type":"binary-expr","locations":[{"start":{"line":30,"column":74},"end":{"line":30,"column":82}},{"start":{"line":30,"column":86},"end":{"line":30,"column":104}}],"line":30},"6":{"loc":{"start":{"line":41,"column":18},"end":{"line":41,"column":46}},"type":"binary-expr","locations":[{"start":{"line":41,"column":18},"end":{"line":41,"column":39}},{"start":{"line":41,"column":43},"end":{"line":41,"column":46}}],"line":41},"7":{"loc":{"start":{"line":43,"column":15},"end":{"line":43,"column":72}},"type":"binary-expr","locations":[{"start":{"line":43,"column":15},"end":{"line":43,"column":39}},{"start":{"line":43,"column":43},"end":{"line":43,"column":72}}],"line":43},"8":{"loc":{"start":{"line":45,"column":19},"end":{"line":45,"column":125}},"type":"cond-expr","locations":[{"start":{"line":45,"column":41},"end":{"line":45,"column":60}},{"start":{"line":45,"column":63},"end":{"line":45,"column":125}}],"line":45},"9":{"loc":{"start":{"line":45,"column":113},"end":{"line":45,"column":123}},"type":"binary-expr","locations":[{"start":{"line":45,"column":113},"end":{"line":45,"column":117}},{"start":{"line":45,"column":121},"end":{"line":45,"column":123}}],"line":45},"10":{"loc":{"start":{"line":81,"column":3},"end":{"line":85,"column":4}},"type":"if","locations":[{"start":{"line":81,"column":3},"end":{"line":85,"column":4}},{"start":{"line":81,"column":3},"end":{"line":85,"column":4}}],"line":81}},"s":{"0":1,"1":1,"2":1,"3":1,"4":1,"5":1,"6":1,"7":1,"8":1,"9":0,"10":0,"11":1,"12":88,"13":88,"14":0,"15":88,"16":88,"17":88,"18":88,"19":1,"20":34,"21":34,"22":34,"23":34,"24":34,"25":1,"26":2,"27":2,"28":2,"29":2,"30":2,"31":1,"32":1,"33":0,"34":1,"35":1,"36":1,"37":1,"38":1,"39":1,"40":8,"41":1,"42":1,"43":1},"f":{"0":0,"1":88,"2":34,"3":2,"4":2,"5":1,"6":1},"b":{"0":[88,31,0],"1":[0,88],"2":[88,88,0],"3":[0,0],"4":[57,31],"5":[88,31],"6":[34,0],"7":[34,0],"8":[0,34],"9":[34,0],"10":[1,1]},"_coverageSchema":"1a1c01bbd47fc00a2c39e90264f33305004495a9","hash":"b18fd5c7a316333174b3f6d0a4014ec15174ecd6","contentHash":"2ee60befdfce9f154f9239995eb0011a5589b3fc7f5554bf14e8d8e47c42b7d7"},"D:\\Git repo for Office\\00-Research\\exam_portal\\src\\utils\\logging.js":{"path":"D:\\Git repo for Office\\00-Research\\exam_portal\\src\\utils\\logging.js","statementMap":{"0":{"start":{"line":1,"column":24},"end":{"line":1,"column":28}},"1":{"start":{"line":3,"column":0},"end":{"line":9,"column":2}},"2":{"start":{"line":4,"column":4},"end":{"line":8,"column":5}},"3":{"start":{"line":5,"column":8},"end":{"line":5,"column":43}},"4":{"start":{"line":6,"column":8},"end":{"line":6,"column":54}},"5":{"start":{"line":7,"column":8},"end":{"line":7,"column":56}},"6":{"start":{"line":11,"column":0},"end":{"line":15,"column":2}},"7":{"start":{"line":12,"column":4},"end":{"line":14,"column":5}},"8":{"start":{"line":13,"column":8},"end":{"line":13,"column":31}},"9":{"start":{"line":23,"column":0},"end":{"line":27,"column":2}},"10":{"start":{"line":24,"column":4},"end":{"line":26,"column":5}},"11":{"start":{"line":25,"column":8},"end":{"line":25,"column":64}},"12":{"start":{"line":29,"column":0},"end":{"line":33,"column":2}},"13":{"start":{"line":30,"column":4},"end":{"line":32,"column":5}},"14":{"start":{"line":31,"column":8},"end":{"line":31,"column":65}},"15":{"start":{"line":42,"column":0},"end":{"line":46,"column":2}},"16":{"start":{"line":43,"column":4},"end":{"line":45,"column":5}},"17":{"start":{"line":44,"column":8},"end":{"line":44,"column":62}},"18":{"start":{"line":54,"column":0},"end":{"line":58,"column":2}},"19":{"start":{"line":55,"column":4},"end":{"line":57,"column":5}},"20":{"start":{"line":56,"column":8},"end":{"line":56,"column":73}},"21":{"start":{"line":66,"column":0},"end":{"line":70,"column":2}},"22":{"start":{"line":67,"column":4},"end":{"line":69,"column":5}},"23":{"start":{"line":68,"column":8},"end":{"line":68,"column":48}},"24":{"start":{"line":71,"column":0},"end":{"line":75,"column":2}},"25":{"start":{"line":72,"column":4},"end":{"line":74,"column":5}},"26":{"start":{"line":73,"column":8},"end":{"line":73,"column":48}}},"fnMap":{"0":{"name":"(anonymous_0)","decl":{"start":{"line":3,"column":32},"end":{"line":3,"column":33}},"loc":{"start":{"line":3,"column":69},"end":{"line":9,"column":1}},"line":3},"1":{"name":"(anonymous_1)","decl":{"start":{"line":11,"column":21},"end":{"line":11,"column":22}},"loc":{"start":{"line":11,"column":58},"end":{"line":15,"column":1}},"line":11},"2":{"name":"(anonymous_2)","decl":{"start":{"line":23,"column":22},"end":{"line":23,"column":23}},"loc":{"start":{"line":23,"column":40},"end":{"line":27,"column":1}},"line":23},"3":{"name":"(anonymous_3)","decl":{"start":{"line":29,"column":25},"end":{"line":29,"column":26}},"loc":{"start":{"line":29,"column":43},"end":{"line":33,"column":1}},"line":29},"4":{"name":"(anonymous_4)","decl":{"start":{"line":42,"column":23},"end":{"line":42,"column":24}},"loc":{"start":{"line":42,"column":42},"end":{"line":46,"column":1}},"line":42},"5":{"name":"(anonymous_5)","decl":{"start":{"line":54,"column":22},"end":{"line":54,"column":23}},"loc":{"start":{"line":54,"column":42},"end":{"line":58,"column":1}},"line":54},"6":{"name":"(anonymous_6)","decl":{"start":{"line":66,"column":21},"end":{"line":66,"column":22}},"loc":{"start":{"line":66,"column":40},"end":{"line":70,"column":1}},"line":66},"7":{"name":"(anonymous_7)","decl":{"start":{"line":71,"column":24},"end":{"line":71,"column":25}},"loc":{"start":{"line":71,"column":43},"end":{"line":75,"column":1}},"line":71}},"branchMap":{"0":{"loc":{"start":{"line":4,"column":4},"end":{"line":8,"column":5}},"type":"if","locations":[{"start":{"line":4,"column":4},"end":{"line":8,"column":5}},{"start":{"line":4,"column":4},"end":{"line":8,"column":5}}],"line":4},"1":{"loc":{"start":{"line":12,"column":4},"end":{"line":14,"column":5}},"type":"if","locations":[{"start":{"line":12,"column":4},"end":{"line":14,"column":5}},{"start":{"line":12,"column":4},"end":{"line":14,"column":5}}],"line":12},"2":{"loc":{"start":{"line":24,"column":4},"end":{"line":26,"column":5}},"type":"if","locations":[{"start":{"line":24,"column":4},"end":{"line":26,"column":5}},{"start":{"line":24,"column":4},"end":{"line":26,"column":5}}],"line":24},"3":{"loc":{"start":{"line":30,"column":4},"end":{"line":32,"column":5}},"type":"if","locations":[{"start":{"line":30,"column":4},"end":{"line":32,"column":5}},{"start":{"line":30,"column":4},"end":{"line":32,"column":5}}],"line":30},"4":{"loc":{"start":{"line":43,"column":4},"end":{"line":45,"column":5}},"type":"if","locations":[{"start":{"line":43,"column":4},"end":{"line":45,"column":5}},{"start":{"line":43,"column":4},"end":{"line":45,"column":5}}],"line":43},"5":{"loc":{"start":{"line":55,"column":4},"end":{"line":57,"column":5}},"type":"if","locations":[{"start":{"line":55,"column":4},"end":{"line":57,"column":5}},{"start":{"line":55,"column":4},"end":{"line":57,"column":5}}],"line":55},"6":{"loc":{"start":{"line":67,"column":4},"end":{"line":69,"column":5}},"type":"if","locations":[{"start":{"line":67,"column":4},"end":{"line":69,"column":5}},{"start":{"line":67,"column":4},"end":{"line":69,"column":5}}],"line":67},"7":{"loc":{"start":{"line":72,"column":4},"end":{"line":74,"column":5}},"type":"if","locations":[{"start":{"line":72,"column":4},"end":{"line":74,"column":5}},{"start":{"line":72,"column":4},"end":{"line":74,"column":5}}],"line":72}},"s":{"0":1,"1":1,"2":0,"3":0,"4":0,"5":0,"6":1,"7":0,"8":0,"9":1,"10":0,"11":0,"12":1,"13":0,"14":0,"15":1,"16":0,"17":0,"18":1,"19":122,"20":122,"21":1,"22":0,"23":0,"24":1,"25":0,"26":0},"f":{"0":0,"1":0,"2":0,"3":0,"4":0,"5":122,"6":0,"7":0},"b":{"0":[0,0],"1":[0,0],"2":[0,0],"3":[0,0],"4":[0,0],"5":[122,0],"6":[0,0],"7":[0,0]},"_coverageSchema":"1a1c01bbd47fc00a2c39e90264f33305004495a9","hash":"d27173e1835ecce1abe5cfd48222683f6d63560b","contentHash":"576e94ec5b6886c8b2c1388dea85d9b60776ccccdc60c1baec0256f1d1190562"},"D:\\Git repo for Office\\00-Research\\exam_portal\\src\\config\\config.js":{"path":"D:\\Git repo for Office\\00-Research\\exam_portal\\src\\config\\config.js","statementMap":{"0":{"start":{"line":1,"column":15},"end":{"line":1,"column":32}},"1":{"start":{"line":2,"column":17},"end":{"line":2,"column":28}},"2":{"start":{"line":3,"column":0},"end":{"line":3,"column":16}},"3":{"start":{"line":6,"column":0},"end":{"line":19,"column":1}}},"fnMap":{},"branchMap":{},"s":{"0":1,"1":1,"2":1,"3":1},"f":{},"b":{},"_coverageSchema":"1a1c01bbd47fc00a2c39e90264f33305004495a9","hash":"cf36ff1907603c0788af2e14f2d346c5583df8c5","contentHash":"16910151a5b404f07c2c18c6af119f2687e6eed1ea366b93b88539cc6fe2c8ab"},"D:\\Git repo for Office\\00-Research\\exam_portal\\src\\middleware\\auth_check.js":{"path":"D:\\Git repo for Office\\00-Research\\exam_portal\\src\\middleware\\auth_check.js","statementMap":{"0":{"start":{"line":1,"column":12},"end":{"line":1,"column":35}},"1":{"start":{"line":2,"column":15},"end":{"line":2,"column":42}},"2":{"start":{"line":3,"column":24},"end":{"line":3,"column":60}},"3":{"start":{"line":5,"column":21},"end":{"line":25,"column":1}},"4":{"start":{"line":7,"column":8},"end":{"line":23,"column":11}},"5":{"start":{"line":8,"column":12},"end":{"line":22,"column":13}},"6":{"start":{"line":9,"column":16},"end":{"line":9,"column":49}},"7":{"start":{"line":10,"column":29},"end":{"line":10,"column":67}},"8":{"start":{"line":11,"column":4},"end":{"line":18,"column":5}},"9":{"start":{"line":13,"column":5},"end":{"line":13,"column":36}},"10":{"start":{"line":16,"column":20},"end":{"line":16,"column":32}},"11":{"start":{"line":21,"column":16},"end":{"line":21,"column":37}},"12":{"start":{"line":28,"column":0},"end":{"line":28,"column":32}}},"fnMap":{"0":{"name":"(anonymous_0)","decl":{"start":{"line":6,"column":16},"end":{"line":6,"column":17}},"loc":{"start":{"line":6,"column":38},"end":{"line":24,"column":5}},"line":6},"1":{"name":"(anonymous_1)","decl":{"start":{"line":7,"column":27},"end":{"line":7,"column":28}},"loc":{"start":{"line":7,"column":48},"end":{"line":23,"column":10}},"line":7}},"branchMap":{"0":{"loc":{"start":{"line":11,"column":4},"end":{"line":18,"column":5}},"type":"if","locations":[{"start":{"line":11,"column":4},"end":{"line":18,"column":5}},{"start":{"line":11,"column":4},"end":{"line":18,"column":5}}],"line":11}},"s":{"0":1,"1":1,"2":1,"3":1,"4":117,"5":117,"6":117,"7":117,"8":86,"9":86,"10":0,"11":31,"12":1},"f":{"0":117,"1":117},"b":{"0":[86,0]},"_coverageSchema":"1a1c01bbd47fc00a2c39e90264f33305004495a9","hash":"6a0b79b455867d7ab0e4cef1f4c71c1373588c6f","contentHash":"865a6462b9c3ca6b6b97fc2c874a51bae25ea21c39c96c1b104b0c33850cf508"},"D:\\Git repo for Office\\00-Research\\exam_portal\\src\\utils\\constant.js":{"path":"D:\\Git repo for Office\\00-Research\\exam_portal\\src\\utils\\constant.js","statementMap":{"0":{"start":{"line":1,"column":0},"end":{"line":4,"column":2}},"1":{"start":{"line":5,"column":0},"end":{"line":8,"column":2}},"2":{"start":{"line":9,"column":0},"end":{"line":12,"column":2}},"3":{"start":{"line":13,"column":0},"end":{"line":17,"column":2}},"4":{"start":{"line":18,"column":0},"end":{"line":20,"column":2}}},"fnMap":{},"branchMap":{},"s":{"0":1,"1":1,"2":1,"3":1,"4":1},"f":{},"b":{},"_coverageSchema":"1a1c01bbd47fc00a2c39e90264f33305004495a9","hash":"78a569ff457d86c2e6bc565bfc5f0a500c51f537","contentHash":"6144be390ef3d21b60a39d137bec9c1fcb60f2e95409b497c2e7b013e5af47ed"},"D:\\Git repo for Office\\00-Research\\exam_portal\\src\\dao\\answerDao.js":{"path":"D:\\Git repo for Office\\00-Research\\exam_portal\\src\\dao\\answerDao.js","statementMap":{"0":{"start":{"line":3,"column":15},"end":{"line":3,"column":55}},"1":{"start":{"line":4,"column":38},"end":{"line":4,"column":58}},"2":{"start":{"line":5,"column":17},"end":{"line":5,"column":45}},"3":{"start":{"line":8,"column":11},"end":{"line":8,"column":21}},"4":{"start":{"line":11,"column":11},"end":{"line":11,"column":62}},"5":{"start":{"line":12,"column":12},"end":{"line":12,"column":64}},"6":{"start":{"line":13,"column":10},"end":{"line":13,"column":60}},"7":{"start":{"line":16,"column":22},"end":{"line":16,"column":52}},"8":{"start":{"line":23,"column":18},"end":{"line":67,"column":1}},"9":{"start":{"line":26,"column":8},"end":{"line":26,"column":41}},"10":{"start":{"line":27,"column":8},"end":{"line":27,"column":37}},"11":{"start":{"line":28,"column":8},"end":{"line":28,"column":32}},"12":{"start":{"line":29,"column":8},"end":{"line":29,"column":134}},"13":{"start":{"line":33,"column":8},"end":{"line":33,"column":46}},"14":{"start":{"line":34,"column":8},"end":{"line":34,"column":208}},"15":{"start":{"line":38,"column":8},"end":{"line":38,"column":44}},"16":{"start":{"line":39,"column":8},"end":{"line":39,"column":72}},"17":{"start":{"line":43,"column":8},"end":{"line":43,"column":34}},"18":{"start":{"line":44,"column":8},"end":{"line":47,"column":31}},"19":{"start":{"line":51,"column":8},"end":{"line":51,"column":34}},"20":{"start":{"line":52,"column":8},"end":{"line":55,"column":31}},"21":{"start":{"line":59,"column":8},"end":{"line":59,"column":49}},"22":{"start":{"line":60,"column":8},"end":{"line":60,"column":157}},"23":{"start":{"line":64,"column":8},"end":{"line":64,"column":51}},"24":{"start":{"line":65,"column":8},"end":{"line":65,"column":108}},"25":{"start":{"line":69,"column":0},"end":{"line":69,"column":30}}},"fnMap":{"0":{"name":"(anonymous_0)","decl":{"start":{"line":25,"column":21},"end":{"line":25,"column":22}},"loc":{"start":{"line":25,"column":35},"end":{"line":30,"column":5}},"line":25},"1":{"name":"(anonymous_1)","decl":{"start":{"line":32,"column":24},"end":{"line":32,"column":25}},"loc":{"start":{"line":32,"column":38},"end":{"line":35,"column":5}},"line":32},"2":{"name":"(anonymous_2)","decl":{"start":{"line":37,"column":15},"end":{"line":37,"column":16}},"loc":{"start":{"line":37,"column":29},"end":{"line":40,"column":5}},"line":37},"3":{"name":"(anonymous_3)","decl":{"start":{"line":42,"column":19},"end":{"line":42,"column":20}},"loc":{"start":{"line":42,"column":33},"end":{"line":48,"column":5}},"line":42},"4":{"name":"(anonymous_4)","decl":{"start":{"line":50,"column":26},"end":{"line":50,"column":27}},"loc":{"start":{"line":50,"column":40},"end":{"line":56,"column":5}},"line":50},"5":{"name":"(anonymous_5)","decl":{"start":{"line":58,"column":27},"end":{"line":58,"column":28}},"loc":{"start":{"line":58,"column":41},"end":{"line":61,"column":5}},"line":58},"6":{"name":"(anonymous_6)","decl":{"start":{"line":63,"column":29},"end":{"line":63,"column":30}},"loc":{"start":{"line":63,"column":43},"end":{"line":66,"column":5}},"line":63}},"branchMap":{},"s":{"0":1,"1":1,"2":1,"3":1,"4":1,"5":1,"6":1,"7":1,"8":1,"9":2,"10":2,"11":2,"12":2,"13":5,"14":5,"15":1,"16":1,"17":1,"18":1,"19":2,"20":2,"21":1,"22":1,"23":1,"24":1,"25":1},"f":{"0":2,"1":5,"2":1,"3":1,"4":2,"5":1,"6":1},"b":{},"_coverageSchema":"1a1c01bbd47fc00a2c39e90264f33305004495a9","hash":"c2197709b9343ea1573828f4ff136467aff80d2b","contentHash":"53435fe2a32e9427f5a0e97823db0c3132f35c5fed0693290d1912bdf56b7287"},"D:\\Git repo for Office\\00-Research\\exam_portal\\src\\db\\sequelize_models\\index.js":{"path":"D:\\Git repo for Office\\00-Research\\exam_portal\\src\\db\\sequelize_models\\index.js","statementMap":{"0":{"start":{"line":1,"column":33},"end":{"line":1,"column":53}},"1":{"start":{"line":2,"column":17},"end":{"line":2,"column":47}},"2":{"start":{"line":4,"column":18},"end":{"line":14,"column":6}},"3":{"start":{"line":21,"column":11},"end":{"line":21,"column":13}},"4":{"start":{"line":23,"column":0},"end":{"line":23,"column":25}},"5":{"start":{"line":26,"column":0},"end":{"line":29,"column":6}},"6":{"start":{"line":28,"column":8},"end":{"line":28,"column":38}},"7":{"start":{"line":32,"column":0},"end":{"line":32,"column":60}},"8":{"start":{"line":33,"column":0},"end":{"line":33,"column":75}},"9":{"start":{"line":34,"column":0},"end":{"line":34,"column":76}},"10":{"start":{"line":35,"column":0},"end":{"line":35,"column":63}},"11":{"start":{"line":36,"column":0},"end":{"line":36,"column":71}},"12":{"start":{"line":37,"column":0},"end":{"line":37,"column":66}},"13":{"start":{"line":38,"column":0},"end":{"line":38,"column":66}},"14":{"start":{"line":39,"column":0},"end":{"line":39,"column":66}},"15":{"start":{"line":41,"column":0},"end":{"line":41,"column":19}}},"fnMap":{"0":{"name":"(anonymous_0)","decl":{"start":{"line":27,"column":10},"end":{"line":27,"column":11}},"loc":{"start":{"line":27,"column":16},"end":{"line":29,"column":5}},"line":27}},"branchMap":{},"s":{"0":1,"1":1,"2":1,"3":1,"4":1,"5":1,"6":1,"7":1,"8":1,"9":1,"10":1,"11":1,"12":1,"13":1,"14":1,"15":1},"f":{"0":1},"b":{},"_coverageSchema":"1a1c01bbd47fc00a2c39e90264f33305004495a9","hash":"7b874ddf76585296170f61163299a76b55f040ca","contentHash":"37d65d1876e056ff1ad40272c7d26b47e72d2fa7e259c3f6b8642757d85be10c"},"D:\\Git repo for Office\\00-Research\\exam_portal\\src\\db\\sequelize_models\\userModel.js":{"path":"D:\\Git repo for Office\\00-Research\\exam_portal\\src\\db\\sequelize_models\\userModel.js","statementMap":{"0":{"start":{"line":2,"column":15},"end":{"line":2,"column":32}},"1":{"start":{"line":5,"column":0},"end":{"line":42,"column":2}},"2":{"start":{"line":6,"column":12},"end":{"line":40,"column":6}},"3":{"start":{"line":22,"column":25},"end":{"line":22,"column":47}},"4":{"start":{"line":23,"column":25},"end":{"line":23,"column":52}},"5":{"start":{"line":24,"column":12},"end":{"line":24,"column":47}},"6":{"start":{"line":41,"column":1},"end":{"line":41,"column":13}}},"fnMap":{"0":{"name":"(anonymous_0)","decl":{"start":{"line":5,"column":17},"end":{"line":5,"column":18}},"loc":{"start":{"line":5,"column":43},"end":{"line":42,"column":1}},"line":5},"1":{"name":"(anonymous_1)","decl":{"start":{"line":21,"column":12},"end":{"line":21,"column":13}},"loc":{"start":{"line":21,"column":22},"end":{"line":25,"column":9}},"line":21}},"branchMap":{},"s":{"0":1,"1":1,"2":1,"3":2,"4":2,"5":2,"6":1},"f":{"0":1,"1":2},"b":{},"_coverageSchema":"1a1c01bbd47fc00a2c39e90264f33305004495a9","hash":"5e032448525c55c538ccc6e505556f9c20ed9344","contentHash":"6df50a80f6f9eacbdb0e5170674b8ab12c41dcf681e68b96bb55e4a3ee6e6cdd"},"D:\\Git repo for Office\\00-Research\\exam_portal\\src\\db\\sequelize_models\\access_tokenModel.js":{"path":"D:\\Git repo for Office\\00-Research\\exam_portal\\src\\db\\sequelize_models\\access_tokenModel.js","statementMap":{"0":{"start":{"line":3,"column":17},"end":{"line":3,"column":48}},"1":{"start":{"line":4,"column":0},"end":{"line":16,"column":2}},"2":{"start":{"line":5,"column":20},"end":{"line":14,"column":6}},"3":{"start":{"line":15,"column":1},"end":{"line":15,"column":21}}},"fnMap":{"0":{"name":"(anonymous_0)","decl":{"start":{"line":4,"column":17},"end":{"line":4,"column":18}},"loc":{"start":{"line":4,"column":43},"end":{"line":16,"column":1}},"line":4}},"branchMap":{},"s":{"0":1,"1":1,"2":1,"3":1},"f":{"0":1},"b":{},"_coverageSchema":"1a1c01bbd47fc00a2c39e90264f33305004495a9","hash":"32f8a182e721b3b917d2160c0ffc86b23cac92a8","contentHash":"361747548a880c20d9bb822673e473ae3fb0deae30566d4efff9fbf13bfcd366"},"D:\\Git repo for Office\\00-Research\\exam_portal\\src\\db\\sequelize_models\\company_detailsModel.js":{"path":"D:\\Git repo for Office\\00-Research\\exam_portal\\src\\db\\sequelize_models\\company_detailsModel.js","statementMap":{"0":{"start":{"line":3,"column":0},"end":{"line":18,"column":2}},"1":{"start":{"line":4,"column":22},"end":{"line":16,"column":6}},"2":{"start":{"line":17,"column":1},"end":{"line":17,"column":23}}},"fnMap":{"0":{"name":"(anonymous_0)","decl":{"start":{"line":3,"column":17},"end":{"line":3,"column":18}},"loc":{"start":{"line":3,"column":43},"end":{"line":18,"column":1}},"line":3}},"branchMap":{},"s":{"0":1,"1":1,"2":1},"f":{"0":1},"b":{},"_coverageSchema":"1a1c01bbd47fc00a2c39e90264f33305004495a9","hash":"6ae0b50029e123b76086c6e65781fc3bf1da4fd5","contentHash":"d22836fd759e511685d15419b9b1c325aeb36f2ac07510f496f23492e0191947"},"D:\\Git repo for Office\\00-Research\\exam_portal\\src\\db\\sequelize_models\\timeslotModel.js":{"path":"D:\\Git repo for Office\\00-Research\\exam_portal\\src\\db\\sequelize_models\\timeslotModel.js","statementMap":{"0":{"start":{"line":3,"column":0},"end":{"line":16,"column":2}},"1":{"start":{"line":4,"column":12},"end":{"line":14,"column":6}},"2":{"start":{"line":15,"column":1},"end":{"line":15,"column":13}}},"fnMap":{"0":{"name":"(anonymous_0)","decl":{"start":{"line":3,"column":17},"end":{"line":3,"column":18}},"loc":{"start":{"line":3,"column":43},"end":{"line":16,"column":1}},"line":3}},"branchMap":{},"s":{"0":1,"1":1,"2":1},"f":{"0":1},"b":{},"_coverageSchema":"1a1c01bbd47fc00a2c39e90264f33305004495a9","hash":"3e3eb4939e373a6fde66e415f4f13179d63f2742","contentHash":"d7cbf106be9f11e85055b2af4a191297ea497d7c41c323c48e723dbce6f54747"},"D:\\Git repo for Office\\00-Research\\exam_portal\\src\\db\\sequelize_models\\questionModel.js":{"path":"D:\\Git repo for Office\\00-Research\\exam_portal\\src\\db\\sequelize_models\\questionModel.js","statementMap":{"0":{"start":{"line":1,"column":0},"end":{"line":12,"column":2}},"1":{"start":{"line":2,"column":24},"end":{"line":10,"column":6}},"2":{"start":{"line":11,"column":1},"end":{"line":11,"column":25}}},"fnMap":{"0":{"name":"(anonymous_0)","decl":{"start":{"line":1,"column":17},"end":{"line":1,"column":18}},"loc":{"start":{"line":1,"column":43},"end":{"line":12,"column":1}},"line":1}},"branchMap":{},"s":{"0":1,"1":1,"2":1},"f":{"0":1},"b":{},"_coverageSchema":"1a1c01bbd47fc00a2c39e90264f33305004495a9","hash":"ae295d45bebde807052bd119855c0628640f352f","contentHash":"f6c8a31b3e21109cfdd068dccd4bd7db209e5fbe8d5233f958b82e78458ef5eb"},"D:\\Git repo for Office\\00-Research\\exam_portal\\src\\db\\sequelize_models\\optionModel.js":{"path":"D:\\Git repo for Office\\00-Research\\exam_portal\\src\\db\\sequelize_models\\optionModel.js","statementMap":{"0":{"start":{"line":1,"column":0},"end":{"line":16,"column":2}},"1":{"start":{"line":2,"column":22},"end":{"line":14,"column":6}},"2":{"start":{"line":15,"column":1},"end":{"line":15,"column":23}}},"fnMap":{"0":{"name":"(anonymous_0)","decl":{"start":{"line":1,"column":17},"end":{"line":1,"column":18}},"loc":{"start":{"line":1,"column":43},"end":{"line":16,"column":1}},"line":1}},"branchMap":{},"s":{"0":1,"1":1,"2":1},"f":{"0":1},"b":{},"_coverageSchema":"1a1c01bbd47fc00a2c39e90264f33305004495a9","hash":"22ccdcf26d0eb8e79f72c9fb44980a195919498f","contentHash":"68606c6633d539b4fc08d3c750c3ed14c98cfc15516bf0bdbb8fa032dc094bf1"},"D:\\Git repo for Office\\00-Research\\exam_portal\\src\\db\\sequelize_models\\answerModel.js":{"path":"D:\\Git repo for Office\\00-Research\\exam_portal\\src\\db\\sequelize_models\\answerModel.js","statementMap":{"0":{"start":{"line":1,"column":0},"end":{"line":14,"column":2}},"1":{"start":{"line":2,"column":19},"end":{"line":12,"column":6}},"2":{"start":{"line":13,"column":1},"end":{"line":13,"column":20}}},"fnMap":{"0":{"name":"(anonymous_0)","decl":{"start":{"line":1,"column":17},"end":{"line":1,"column":18}},"loc":{"start":{"line":1,"column":43},"end":{"line":14,"column":1}},"line":1}},"branchMap":{},"s":{"0":1,"1":1,"2":1},"f":{"0":1},"b":{},"_coverageSchema":"1a1c01bbd47fc00a2c39e90264f33305004495a9","hash":"bb5184ce1f27895df61e380c97e06d373a03a96b","contentHash":"49a8de3f390ec41e87b6d302babafdb6022a7111fdb1281445645e3cfbff5370"},"D:\\Git repo for Office\\00-Research\\exam_portal\\src\\db\\sequelize_models\\resultModel.js":{"path":"D:\\Git repo for Office\\00-Research\\exam_portal\\src\\db\\sequelize_models\\resultModel.js","statementMap":{"0":{"start":{"line":3,"column":0},"end":{"line":25,"column":2}},"1":{"start":{"line":4,"column":14},"end":{"line":23,"column":6}},"2":{"start":{"line":24,"column":1},"end":{"line":24,"column":15}}},"fnMap":{"0":{"name":"(anonymous_0)","decl":{"start":{"line":3,"column":17},"end":{"line":3,"column":18}},"loc":{"start":{"line":3,"column":43},"end":{"line":25,"column":1}},"line":3}},"branchMap":{},"s":{"0":1,"1":1,"2":1},"f":{"0":1},"b":{},"_coverageSchema":"1a1c01bbd47fc00a2c39e90264f33305004495a9","hash":"251dd0e13991e3e7d6eb1a983c0525923008df79","contentHash":"80c1afb94166e3bb77a5fcae4ab13d0031f633189896c3d8fa402aed516d964a"},"D:\\Git repo for Office\\00-Research\\exam_portal\\src\\controller\\companyDetailsCtrl.js":{"path":"D:\\Git repo for Office\\00-Research\\exam_portal\\src\\controller\\companyDetailsCtrl.js","statementMap":{"0":{"start":{"line":1,"column":16},"end":{"line":1,"column":43}},"1":{"start":{"line":3,"column":24},"end":{"line":3,"column":60}},"2":{"start":{"line":5,"column":16},"end":{"line":5,"column":64}},"3":{"start":{"line":7,"column":17},"end":{"line":7,"column":45}},"4":{"start":{"line":9,"column":25},"end":{"line":9,"column":75}},"5":{"start":{"line":42,"column":0},"end":{"line":67,"column":1}},"6":{"start":{"line":43,"column":4},"end":{"line":66,"column":5}},"7":{"start":{"line":44,"column":8},"end":{"line":44,"column":39}},"8":{"start":{"line":46,"column":27},"end":{"line":46,"column":72}},"9":{"start":{"line":48,"column":8},"end":{"line":63,"column":9}},"10":{"start":{"line":50,"column":33},"end":{"line":50,"column":82}},"11":{"start":{"line":51,"column":12},"end":{"line":60,"column":13}},"12":{"start":{"line":53,"column":27},"end":{"line":53,"column":75}},"13":{"start":{"line":54,"column":16},"end":{"line":54,"column":48}},"14":{"start":{"line":56,"column":15},"end":{"line":56,"column":91}},"15":{"start":{"line":59,"column":16},"end":{"line":59,"column":83}},"16":{"start":{"line":62,"column":12},"end":{"line":62,"column":84}},"17":{"start":{"line":65,"column":8},"end":{"line":65,"column":46}},"18":{"start":{"line":81,"column":0},"end":{"line":115,"column":1}},"19":{"start":{"line":82,"column":4},"end":{"line":114,"column":5}},"20":{"start":{"line":83,"column":8},"end":{"line":83,"column":40}},"21":{"start":{"line":84,"column":27},"end":{"line":84,"column":78}},"22":{"start":{"line":85,"column":8},"end":{"line":85,"column":48}},"23":{"start":{"line":87,"column":8},"end":{"line":111,"column":9}},"24":{"start":{"line":91,"column":35},"end":{"line":91,"column":74}},"25":{"start":{"line":93,"column":30},"end":{"line":93,"column":32}},"26":{"start":{"line":94,"column":12},"end":{"line":104,"column":13}},"27":{"start":{"line":96,"column":16},"end":{"line":103,"column":18}},"28":{"start":{"line":106,"column":12},"end":{"line":106,"column":101}},"29":{"start":{"line":110,"column":12},"end":{"line":110,"column":84}},"30":{"start":{"line":113,"column":8},"end":{"line":113,"column":44}},"31":{"start":{"line":132,"column":0},"end":{"line":171,"column":1}},"32":{"start":{"line":133,"column":4},"end":{"line":170,"column":5}},"33":{"start":{"line":135,"column":27},"end":{"line":135,"column":78}},"34":{"start":{"line":136,"column":8},"end":{"line":136,"column":48}},"35":{"start":{"line":137,"column":8},"end":{"line":166,"column":9}},"36":{"start":{"line":138,"column":12},"end":{"line":138,"column":49}},"37":{"start":{"line":139,"column":25},"end":{"line":141,"column":13}},"38":{"start":{"line":142,"column":33},"end":{"line":142,"column":87}},"39":{"start":{"line":143,"column":12},"end":{"line":163,"column":13}},"40":{"start":{"line":144,"column":39},"end":{"line":144,"column":91}},"41":{"start":{"line":146,"column":34},"end":{"line":146,"column":36}},"42":{"start":{"line":147,"column":16},"end":{"line":157,"column":17}},"43":{"start":{"line":148,"column":20},"end":{"line":155,"column":22}},"44":{"start":{"line":159,"column":16},"end":{"line":159,"column":114}},"45":{"start":{"line":162,"column":16},"end":{"line":162,"column":91}},"46":{"start":{"line":165,"column":11},"end":{"line":165,"column":83}},"47":{"start":{"line":169,"column":8},"end":{"line":169,"column":44}},"48":{"start":{"line":206,"column":0},"end":{"line":241,"column":1}},"49":{"start":{"line":207,"column":4},"end":{"line":240,"column":5}},"50":{"start":{"line":208,"column":8},"end":{"line":208,"column":39}},"51":{"start":{"line":209,"column":8},"end":{"line":209,"column":33}},"52":{"start":{"line":210,"column":27},"end":{"line":210,"column":77}},"53":{"start":{"line":211,"column":8},"end":{"line":237,"column":9}},"54":{"start":{"line":213,"column":25},"end":{"line":220,"column":13}},"55":{"start":{"line":221,"column":33},"end":{"line":221,"column":87}},"56":{"start":{"line":222,"column":12},"end":{"line":233,"column":13}},"57":{"start":{"line":224,"column":27},"end":{"line":224,"column":75}},"58":{"start":{"line":225,"column":34},"end":{"line":225,"column":88}},"59":{"start":{"line":228,"column":16},"end":{"line":228,"column":102}},"60":{"start":{"line":232,"column":16},"end":{"line":232,"column":82}},"61":{"start":{"line":236,"column":12},"end":{"line":236,"column":84}},"62":{"start":{"line":239,"column":8},"end":{"line":239,"column":46}},"63":{"start":{"line":266,"column":0},"end":{"line":299,"column":1}},"64":{"start":{"line":267,"column":4},"end":{"line":298,"column":5}},"65":{"start":{"line":269,"column":8},"end":{"line":269,"column":39}},"66":{"start":{"line":270,"column":27},"end":{"line":270,"column":78}},"67":{"start":{"line":272,"column":8},"end":{"line":295,"column":9}},"68":{"start":{"line":273,"column":25},"end":{"line":275,"column":13}},"69":{"start":{"line":277,"column":33},"end":{"line":277,"column":87}},"70":{"start":{"line":279,"column":12},"end":{"line":291,"column":13}},"71":{"start":{"line":281,"column":45},"end":{"line":281,"column":111}},"72":{"start":{"line":285,"column":16},"end":{"line":285,"column":119}},"73":{"start":{"line":290,"column":16},"end":{"line":290,"column":82}},"74":{"start":{"line":294,"column":11},"end":{"line":294,"column":83}},"75":{"start":{"line":297,"column":8},"end":{"line":297,"column":44}}},"fnMap":{"0":{"name":"(anonymous_0)","decl":{"start":{"line":42,"column":28},"end":{"line":42,"column":29}},"loc":{"start":{"line":42,"column":53},"end":{"line":67,"column":1}},"line":42},"1":{"name":"(anonymous_1)","decl":{"start":{"line":81,"column":26},"end":{"line":81,"column":27}},"loc":{"start":{"line":81,"column":51},"end":{"line":115,"column":1}},"line":81},"2":{"name":"(anonymous_2)","decl":{"start":{"line":132,"column":33},"end":{"line":132,"column":34}},"loc":{"start":{"line":132,"column":58},"end":{"line":171,"column":1}},"line":132},"3":{"name":"(anonymous_3)","decl":{"start":{"line":206,"column":29},"end":{"line":206,"column":30}},"loc":{"start":{"line":206,"column":54},"end":{"line":241,"column":1}},"line":206},"4":{"name":"(anonymous_4)","decl":{"start":{"line":266,"column":35},"end":{"line":266,"column":36}},"loc":{"start":{"line":266,"column":60},"end":{"line":299,"column":1}},"line":266}},"branchMap":{"0":{"loc":{"start":{"line":48,"column":8},"end":{"line":63,"column":9}},"type":"if","locations":[{"start":{"line":48,"column":8},"end":{"line":63,"column":9}},{"start":{"line":48,"column":8},"end":{"line":63,"column":9}}],"line":48},"1":{"loc":{"start":{"line":51,"column":12},"end":{"line":60,"column":13}},"type":"if","locations":[{"start":{"line":51,"column":12},"end":{"line":60,"column":13}},{"start":{"line":51,"column":12},"end":{"line":60,"column":13}}],"line":51},"2":{"loc":{"start":{"line":87,"column":8},"end":{"line":111,"column":9}},"type":"if","locations":[{"start":{"line":87,"column":8},"end":{"line":111,"column":9}},{"start":{"line":87,"column":8},"end":{"line":111,"column":9}}],"line":87},"3":{"loc":{"start":{"line":137,"column":8},"end":{"line":166,"column":9}},"type":"if","locations":[{"start":{"line":137,"column":8},"end":{"line":166,"column":9}},{"start":{"line":137,"column":8},"end":{"line":166,"column":9}}],"line":137},"4":{"loc":{"start":{"line":143,"column":12},"end":{"line":163,"column":13}},"type":"if","locations":[{"start":{"line":143,"column":12},"end":{"line":163,"column":13}},{"start":{"line":143,"column":12},"end":{"line":163,"column":13}}],"line":143},"5":{"loc":{"start":{"line":211,"column":8},"end":{"line":237,"column":9}},"type":"if","locations":[{"start":{"line":211,"column":8},"end":{"line":237,"column":9}},{"start":{"line":211,"column":8},"end":{"line":237,"column":9}}],"line":211},"6":{"loc":{"start":{"line":222,"column":12},"end":{"line":233,"column":13}},"type":"if","locations":[{"start":{"line":222,"column":12},"end":{"line":233,"column":13}},{"start":{"line":222,"column":12},"end":{"line":233,"column":13}}],"line":222},"7":{"loc":{"start":{"line":272,"column":8},"end":{"line":295,"column":9}},"type":"if","locations":[{"start":{"line":272,"column":8},"end":{"line":295,"column":9}},{"start":{"line":272,"column":8},"end":{"line":295,"column":9}}],"line":272},"8":{"loc":{"start":{"line":279,"column":12},"end":{"line":291,"column":13}},"type":"if","locations":[{"start":{"line":279,"column":12},"end":{"line":291,"column":13}},{"start":{"line":279,"column":12},"end":{"line":291,"column":13}}],"line":279}},"s":{"0":1,"1":1,"2":1,"3":1,"4":1,"5":1,"6":4,"7":4,"8":4,"9":3,"10":2,"11":2,"12":1,"13":1,"14":1,"15":1,"16":1,"17":1,"18":1,"19":3,"20":3,"21":3,"22":2,"23":2,"24":1,"25":1,"26":1,"27":7,"28":1,"29":1,"30":1,"31":1,"32":4,"33":4,"34":3,"35":3,"36":2,"37":2,"38":2,"39":2,"40":1,"41":1,"42":1,"43":1,"44":1,"45":1,"46":1,"47":1,"48":1,"49":4,"50":4,"51":4,"52":4,"53":3,"54":2,"55":2,"56":2,"57":1,"58":1,"59":1,"60":1,"61":1,"62":1,"63":1,"64":4,"65":4,"66":4,"67":3,"68":2,"69":2,"70":2,"71":1,"72":1,"73":1,"74":1,"75":1},"f":{"0":4,"1":3,"2":4,"3":4,"4":4},"b":{"0":[2,1],"1":[1,1],"2":[1,1],"3":[2,1],"4":[1,1],"5":[2,1],"6":[1,1],"7":[2,1],"8":[1,1]},"_coverageSchema":"1a1c01bbd47fc00a2c39e90264f33305004495a9","hash":"d7399a4c39483ba6c4d97060010e3962ff525b6e","contentHash":"e4f10711e9e2c84f8cf715382190bdcd509a52a9cbff84b00942e768994d9161"},"D:\\Git repo for Office\\00-Research\\exam_portal\\src\\dao\\companyDetailsdao.js":{"path":"D:\\Git repo for Office\\00-Research\\exam_portal\\src\\dao\\companyDetailsdao.js","statementMap":{"0":{"start":{"line":3,"column":15},"end":{"line":3,"column":55}},"1":{"start":{"line":4,"column":38},"end":{"line":4,"column":58}},"2":{"start":{"line":5,"column":17},"end":{"line":5,"column":45}},"3":{"start":{"line":8,"column":11},"end":{"line":8,"column":21}},"4":{"start":{"line":11,"column":11},"end":{"line":11,"column":62}},"5":{"start":{"line":12,"column":12},"end":{"line":12,"column":64}},"6":{"start":{"line":13,"column":10},"end":{"line":13,"column":60}},"7":{"start":{"line":16,"column":22},"end":{"line":16,"column":52}},"8":{"start":{"line":22,"column":23},"end":{"line":70,"column":1}},"9":{"start":{"line":24,"column":4},"end":{"line":24,"column":30}},"10":{"start":{"line":25,"column":4},"end":{"line":25,"column":69}},"11":{"start":{"line":30,"column":4},"end":{"line":30,"column":37}},"12":{"start":{"line":32,"column":4},"end":{"line":32,"column":172}},"13":{"start":{"line":36,"column":4},"end":{"line":36,"column":36}},"14":{"start":{"line":37,"column":4},"end":{"line":37,"column":21}},"15":{"start":{"line":39,"column":4},"end":{"line":39,"column":161}},"16":{"start":{"line":44,"column":4},"end":{"line":44,"column":30}},"17":{"start":{"line":45,"column":4},"end":{"line":48,"column":27}},"18":{"start":{"line":52,"column":4},"end":{"line":52,"column":30}},"19":{"start":{"line":53,"column":4},"end":{"line":56,"column":27}},"20":{"start":{"line":61,"column":4},"end":{"line":61,"column":46}},"21":{"start":{"line":62,"column":4},"end":{"line":62,"column":266}},"22":{"start":{"line":66,"column":4},"end":{"line":66,"column":48}},"23":{"start":{"line":67,"column":4},"end":{"line":67,"column":106}},"24":{"start":{"line":71,"column":0},"end":{"line":71,"column":35}}},"fnMap":{"0":{"name":"(anonymous_0)","decl":{"start":{"line":23,"column":20},"end":{"line":23,"column":21}},"loc":{"start":{"line":23,"column":34},"end":{"line":27,"column":3}},"line":23},"1":{"name":"(anonymous_1)","decl":{"start":{"line":29,"column":21},"end":{"line":29,"column":22}},"loc":{"start":{"line":29,"column":35},"end":{"line":33,"column":3}},"line":29},"2":{"name":"(anonymous_2)","decl":{"start":{"line":35,"column":16},"end":{"line":35,"column":17}},"loc":{"start":{"line":35,"column":30},"end":{"line":40,"column":3}},"line":35},"3":{"name":"(anonymous_3)","decl":{"start":{"line":43,"column":18},"end":{"line":43,"column":19}},"loc":{"start":{"line":43,"column":32},"end":{"line":49,"column":3}},"line":43},"4":{"name":"(anonymous_4)","decl":{"start":{"line":51,"column":25},"end":{"line":51,"column":26}},"loc":{"start":{"line":51,"column":39},"end":{"line":57,"column":3}},"line":51},"5":{"name":"(anonymous_5)","decl":{"start":{"line":60,"column":21},"end":{"line":60,"column":22}},"loc":{"start":{"line":60,"column":35},"end":{"line":63,"column":3}},"line":60},"6":{"name":"(anonymous_6)","decl":{"start":{"line":65,"column":28},"end":{"line":65,"column":29}},"loc":{"start":{"line":65,"column":42},"end":{"line":68,"column":3}},"line":65}},"branchMap":{},"s":{"0":1,"1":1,"2":1,"3":1,"4":1,"5":1,"6":1,"7":1,"8":1,"9":1,"10":1,"11":2,"12":2,"13":7,"14":7,"15":7,"16":1,"17":1,"18":1,"19":1,"20":1,"21":1,"22":1,"23":1,"24":1},"f":{"0":1,"1":2,"2":7,"3":1,"4":1,"5":1,"6":1},"b":{},"_coverageSchema":"1a1c01bbd47fc00a2c39e90264f33305004495a9","hash":"911da8b657212de2aaf5a1714accad40501a4ad1","contentHash":"a0edd1f1b7fa6e99869a8d3fa9e1a27cf58be7fa7730bbb674ee88293db824a7"},"D:\\Git repo for Office\\00-Research\\exam_portal\\src\\controller\\optionCtrl.js":{"path":"D:\\Git repo for Office\\00-Research\\exam_portal\\src\\controller\\optionCtrl.js","statementMap":{"0":{"start":{"line":1,"column":16},"end":{"line":1,"column":43}},"1":{"start":{"line":3,"column":24},"end":{"line":3,"column":65}},"2":{"start":{"line":5,"column":24},"end":{"line":5,"column":60}},"3":{"start":{"line":7,"column":16},"end":{"line":7,"column":64}},"4":{"start":{"line":9,"column":17},"end":{"line":9,"column":45}},"5":{"start":{"line":40,"column":0},"end":{"line":65,"column":1}},"6":{"start":{"line":41,"column":4},"end":{"line":64,"column":5}},"7":{"start":{"line":42,"column":8},"end":{"line":42,"column":39}},"8":{"start":{"line":43,"column":27},"end":{"line":43,"column":72}},"9":{"start":{"line":45,"column":8},"end":{"line":61,"column":9}},"10":{"start":{"line":47,"column":33},"end":{"line":47,"column":99}},"11":{"start":{"line":49,"column":12},"end":{"line":58,"column":13}},"12":{"start":{"line":51,"column":27},"end":{"line":51,"column":73}},"13":{"start":{"line":53,"column":16},"end":{"line":53,"column":48}},"14":{"start":{"line":55,"column":16},"end":{"line":55,"column":91}},"15":{"start":{"line":57,"column":16},"end":{"line":57,"column":90}},"16":{"start":{"line":60,"column":12},"end":{"line":60,"column":84}},"17":{"start":{"line":63,"column":8},"end":{"line":63,"column":46}},"18":{"start":{"line":80,"column":0},"end":{"line":110,"column":1}},"19":{"start":{"line":81,"column":4},"end":{"line":109,"column":5}},"20":{"start":{"line":82,"column":8},"end":{"line":82,"column":41}},"21":{"start":{"line":84,"column":27},"end":{"line":84,"column":78}},"22":{"start":{"line":86,"column":8},"end":{"line":105,"column":9}},"23":{"start":{"line":88,"column":34},"end":{"line":88,"column":71}},"24":{"start":{"line":90,"column":29},"end":{"line":90,"column":31}},"25":{"start":{"line":92,"column":12},"end":{"line":101,"column":13}},"26":{"start":{"line":93,"column":16},"end":{"line":100,"column":18}},"27":{"start":{"line":102,"column":12},"end":{"line":102,"column":99}},"28":{"start":{"line":104,"column":12},"end":{"line":104,"column":84}},"29":{"start":{"line":108,"column":8},"end":{"line":108,"column":44}},"30":{"start":{"line":129,"column":0},"end":{"line":168,"column":1}},"31":{"start":{"line":130,"column":4},"end":{"line":167,"column":5}},"32":{"start":{"line":132,"column":27},"end":{"line":132,"column":78}},"33":{"start":{"line":133,"column":8},"end":{"line":133,"column":48}},"34":{"start":{"line":134,"column":8},"end":{"line":163,"column":9}},"35":{"start":{"line":135,"column":12},"end":{"line":135,"column":49}},"36":{"start":{"line":136,"column":25},"end":{"line":138,"column":13}},"37":{"start":{"line":139,"column":35},"end":{"line":139,"column":87}},"38":{"start":{"line":141,"column":12},"end":{"line":159,"column":13}},"39":{"start":{"line":142,"column":38},"end":{"line":142,"column":88}},"40":{"start":{"line":144,"column":33},"end":{"line":144,"column":35}},"41":{"start":{"line":145,"column":16},"end":{"line":154,"column":17}},"42":{"start":{"line":146,"column":20},"end":{"line":153,"column":22}},"43":{"start":{"line":155,"column":16},"end":{"line":155,"column":112}},"44":{"start":{"line":158,"column":16},"end":{"line":158,"column":83}},"45":{"start":{"line":162,"column":12},"end":{"line":162,"column":84}},"46":{"start":{"line":166,"column":8},"end":{"line":166,"column":44}},"47":{"start":{"line":202,"column":0},"end":{"line":241,"column":1}},"48":{"start":{"line":203,"column":4},"end":{"line":240,"column":5}},"49":{"start":{"line":204,"column":8},"end":{"line":204,"column":39}},"50":{"start":{"line":205,"column":8},"end":{"line":205,"column":33}},"51":{"start":{"line":206,"column":27},"end":{"line":206,"column":77}},"52":{"start":{"line":207,"column":8},"end":{"line":237,"column":9}},"53":{"start":{"line":209,"column":12},"end":{"line":209,"column":77}},"54":{"start":{"line":210,"column":25},"end":{"line":217,"column":13}},"55":{"start":{"line":222,"column":33},"end":{"line":222,"column":85}},"56":{"start":{"line":223,"column":12},"end":{"line":233,"column":13}},"57":{"start":{"line":225,"column":27},"end":{"line":225,"column":73}},"58":{"start":{"line":226,"column":36},"end":{"line":226,"column":88}},"59":{"start":{"line":228,"column":16},"end":{"line":228,"column":111}},"60":{"start":{"line":232,"column":16},"end":{"line":232,"column":82}},"61":{"start":{"line":236,"column":12},"end":{"line":236,"column":84}},"62":{"start":{"line":239,"column":8},"end":{"line":239,"column":46}},"63":{"start":{"line":267,"column":0},"end":{"line":295,"column":1}},"64":{"start":{"line":268,"column":4},"end":{"line":294,"column":5}},"65":{"start":{"line":270,"column":27},"end":{"line":270,"column":78}},"66":{"start":{"line":272,"column":8},"end":{"line":290,"column":9}},"67":{"start":{"line":273,"column":25},"end":{"line":275,"column":13}},"68":{"start":{"line":276,"column":33},"end":{"line":276,"column":85}},"69":{"start":{"line":277,"column":12},"end":{"line":285,"column":9}},"70":{"start":{"line":278,"column":40},"end":{"line":278,"column":103}},"71":{"start":{"line":281,"column":12},"end":{"line":281,"column":106}},"72":{"start":{"line":283,"column":12},"end":{"line":284,"column":36}},"73":{"start":{"line":289,"column":11},"end":{"line":289,"column":83}},"74":{"start":{"line":293,"column":8},"end":{"line":293,"column":44}}},"fnMap":{"0":{"name":"(anonymous_0)","decl":{"start":{"line":40,"column":20},"end":{"line":40,"column":21}},"loc":{"start":{"line":40,"column":45},"end":{"line":65,"column":1}},"line":40},"1":{"name":"(anonymous_1)","decl":{"start":{"line":80,"column":25},"end":{"line":80,"column":26}},"loc":{"start":{"line":80,"column":50},"end":{"line":110,"column":1}},"line":80},"2":{"name":"(anonymous_2)","decl":{"start":{"line":129,"column":32},"end":{"line":129,"column":33}},"loc":{"start":{"line":129,"column":57},"end":{"line":168,"column":1}},"line":129},"3":{"name":"(anonymous_3)","decl":{"start":{"line":202,"column":28},"end":{"line":202,"column":29}},"loc":{"start":{"line":202,"column":53},"end":{"line":241,"column":1}},"line":202},"4":{"name":"(anonymous_4)","decl":{"start":{"line":267,"column":34},"end":{"line":267,"column":35}},"loc":{"start":{"line":267,"column":59},"end":{"line":295,"column":1}},"line":267}},"branchMap":{"0":{"loc":{"start":{"line":45,"column":8},"end":{"line":61,"column":9}},"type":"if","locations":[{"start":{"line":45,"column":8},"end":{"line":61,"column":9}},{"start":{"line":45,"column":8},"end":{"line":61,"column":9}}],"line":45},"1":{"loc":{"start":{"line":49,"column":12},"end":{"line":58,"column":13}},"type":"if","locations":[{"start":{"line":49,"column":12},"end":{"line":58,"column":13}},{"start":{"line":49,"column":12},"end":{"line":58,"column":13}}],"line":49},"2":{"loc":{"start":{"line":86,"column":8},"end":{"line":105,"column":9}},"type":"if","locations":[{"start":{"line":86,"column":8},"end":{"line":105,"column":9}},{"start":{"line":86,"column":8},"end":{"line":105,"column":9}}],"line":86},"3":{"loc":{"start":{"line":134,"column":8},"end":{"line":163,"column":9}},"type":"if","locations":[{"start":{"line":134,"column":8},"end":{"line":163,"column":9}},{"start":{"line":134,"column":8},"end":{"line":163,"column":9}}],"line":134},"4":{"loc":{"start":{"line":141,"column":12},"end":{"line":159,"column":13}},"type":"if","locations":[{"start":{"line":141,"column":12},"end":{"line":159,"column":13}},{"start":{"line":141,"column":12},"end":{"line":159,"column":13}}],"line":141},"5":{"loc":{"start":{"line":207,"column":8},"end":{"line":237,"column":9}},"type":"if","locations":[{"start":{"line":207,"column":8},"end":{"line":237,"column":9}},{"start":{"line":207,"column":8},"end":{"line":237,"column":9}}],"line":207},"6":{"loc":{"start":{"line":223,"column":12},"end":{"line":233,"column":13}},"type":"if","locations":[{"start":{"line":223,"column":12},"end":{"line":233,"column":13}},{"start":{"line":223,"column":12},"end":{"line":233,"column":13}}],"line":223},"7":{"loc":{"start":{"line":272,"column":8},"end":{"line":290,"column":9}},"type":"if","locations":[{"start":{"line":272,"column":8},"end":{"line":290,"column":9}},{"start":{"line":272,"column":8},"end":{"line":290,"column":9}}],"line":272},"8":{"loc":{"start":{"line":277,"column":12},"end":{"line":285,"column":9}},"type":"if","locations":[{"start":{"line":277,"column":12},"end":{"line":285,"column":9}},{"start":{"line":277,"column":12},"end":{"line":285,"column":9}}],"line":277}},"s":{"0":1,"1":1,"2":1,"3":1,"4":1,"5":1,"6":4,"7":4,"8":4,"9":3,"10":2,"11":2,"12":1,"13":1,"14":1,"15":1,"16":1,"17":1,"18":1,"19":3,"20":3,"21":3,"22":2,"23":1,"24":1,"25":1,"26":10,"27":1,"28":1,"29":1,"30":1,"31":4,"32":4,"33":3,"34":3,"35":2,"36":2,"37":2,"38":2,"39":1,"40":1,"41":1,"42":1,"43":1,"44":1,"45":1,"46":1,"47":1,"48":4,"49":4,"50":4,"51":4,"52":3,"53":2,"54":2,"55":2,"56":2,"57":1,"58":1,"59":1,"60":1,"61":1,"62":1,"63":1,"64":4,"65":4,"66":3,"67":2,"68":2,"69":2,"70":1,"71":1,"72":1,"73":1,"74":1},"f":{"0":4,"1":3,"2":4,"3":4,"4":4},"b":{"0":[2,1],"1":[1,1],"2":[1,1],"3":[2,1],"4":[1,1],"5":[2,1],"6":[1,1],"7":[2,1],"8":[1,1]},"_coverageSchema":"1a1c01bbd47fc00a2c39e90264f33305004495a9","hash":"432a2bbcfbba39a406df4a68b225f6f98cb78ae8","contentHash":"61138aca672299828f3aff68e723a3f75d22086cf11998aa38b7498b95a3727e"},"D:\\Git repo for Office\\00-Research\\exam_portal\\src\\dao\\optionDao.js":{"path":"D:\\Git repo for Office\\00-Research\\exam_portal\\src\\dao\\optionDao.js","statementMap":{"0":{"start":{"line":3,"column":15},"end":{"line":3,"column":55}},"1":{"start":{"line":4,"column":17},"end":{"line":4,"column":45}},"2":{"start":{"line":7,"column":11},"end":{"line":7,"column":21}},"3":{"start":{"line":10,"column":11},"end":{"line":10,"column":62}},"4":{"start":{"line":11,"column":12},"end":{"line":11,"column":64}},"5":{"start":{"line":12,"column":10},"end":{"line":12,"column":60}},"6":{"start":{"line":15,"column":22},"end":{"line":15,"column":52}},"7":{"start":{"line":17,"column":22},"end":{"line":57,"column":1}},"8":{"start":{"line":19,"column":4},"end":{"line":19,"column":30}},"9":{"start":{"line":20,"column":4},"end":{"line":20,"column":68}},"10":{"start":{"line":23,"column":4},"end":{"line":23,"column":40}},"11":{"start":{"line":24,"column":4},"end":{"line":24,"column":159}},"12":{"start":{"line":28,"column":4},"end":{"line":28,"column":41}},"13":{"start":{"line":29,"column":4},"end":{"line":29,"column":97}},"14":{"start":{"line":33,"column":4},"end":{"line":33,"column":30}},"15":{"start":{"line":34,"column":4},"end":{"line":37,"column":27}},"16":{"start":{"line":40,"column":4},"end":{"line":40,"column":30}},"17":{"start":{"line":41,"column":4},"end":{"line":44,"column":27}},"18":{"start":{"line":48,"column":4},"end":{"line":48,"column":30}},"19":{"start":{"line":49,"column":4},"end":{"line":49,"column":232}},"20":{"start":{"line":53,"column":4},"end":{"line":53,"column":30}},"21":{"start":{"line":54,"column":4},"end":{"line":54,"column":104}},"22":{"start":{"line":58,"column":0},"end":{"line":58,"column":34}}},"fnMap":{"0":{"name":"(anonymous_0)","decl":{"start":{"line":18,"column":19},"end":{"line":18,"column":20}},"loc":{"start":{"line":18,"column":33},"end":{"line":21,"column":3}},"line":18},"1":{"name":"(anonymous_1)","decl":{"start":{"line":22,"column":16},"end":{"line":22,"column":17}},"loc":{"start":{"line":22,"column":30},"end":{"line":25,"column":3}},"line":22},"2":{"name":"(anonymous_2)","decl":{"start":{"line":27,"column":27},"end":{"line":27,"column":28}},"loc":{"start":{"line":27,"column":41},"end":{"line":30,"column":3}},"line":27},"3":{"name":"(anonymous_3)","decl":{"start":{"line":32,"column":17},"end":{"line":32,"column":18}},"loc":{"start":{"line":32,"column":31},"end":{"line":38,"column":3}},"line":32},"4":{"name":"(anonymous_4)","decl":{"start":{"line":39,"column":24},"end":{"line":39,"column":25}},"loc":{"start":{"line":39,"column":38},"end":{"line":45,"column":3}},"line":39},"5":{"name":"(anonymous_5)","decl":{"start":{"line":47,"column":20},"end":{"line":47,"column":21}},"loc":{"start":{"line":47,"column":34},"end":{"line":50,"column":3}},"line":47},"6":{"name":"(anonymous_6)","decl":{"start":{"line":52,"column":27},"end":{"line":52,"column":28}},"loc":{"start":{"line":52,"column":41},"end":{"line":55,"column":3}},"line":52}},"branchMap":{},"s":{"0":1,"1":1,"2":1,"3":1,"4":1,"5":1,"6":1,"7":1,"8":1,"9":1,"10":7,"11":7,"12":2,"13":2,"14":1,"15":1,"16":1,"17":1,"18":1,"19":1,"20":1,"21":1,"22":1},"f":{"0":1,"1":7,"2":2,"3":1,"4":1,"5":1,"6":1},"b":{},"_coverageSchema":"1a1c01bbd47fc00a2c39e90264f33305004495a9","hash":"13132137beb7a69b851b687f5709f2accd40d7fa","contentHash":"55586afd26715c3c2beadef4172ef93aea16afa27bfe5654d9ec7771ea08e82f"},"D:\\Git repo for Office\\00-Research\\exam_portal\\src\\controller\\questionCtrl.js":{"path":"D:\\Git repo for Office\\00-Research\\exam_portal\\src\\controller\\questionCtrl.js","statementMap":{"0":{"start":{"line":1,"column":16},"end":{"line":1,"column":43}},"1":{"start":{"line":3,"column":24},"end":{"line":3,"column":60}},"2":{"start":{"line":5,"column":16},"end":{"line":5,"column":64}},"3":{"start":{"line":7,"column":17},"end":{"line":7,"column":45}},"4":{"start":{"line":9,"column":20},"end":{"line":9,"column":62}},"5":{"start":{"line":38,"column":0},"end":{"line":65,"column":1}},"6":{"start":{"line":39,"column":4},"end":{"line":64,"column":5}},"7":{"start":{"line":40,"column":8},"end":{"line":40,"column":39}},"8":{"start":{"line":41,"column":27},"end":{"line":41,"column":72}},"9":{"start":{"line":42,"column":8},"end":{"line":61,"column":9}},"10":{"start":{"line":43,"column":25},"end":{"line":45,"column":13}},"11":{"start":{"line":46,"column":12},"end":{"line":46,"column":40}},"12":{"start":{"line":48,"column":37},"end":{"line":48,"column":87}},"13":{"start":{"line":50,"column":12},"end":{"line":58,"column":13}},"14":{"start":{"line":51,"column":34},"end":{"line":51,"column":73}},"15":{"start":{"line":53,"column":16},"end":{"line":53,"column":100}},"16":{"start":{"line":57,"column":16},"end":{"line":57,"column":83}},"17":{"start":{"line":60,"column":12},"end":{"line":60,"column":83}},"18":{"start":{"line":63,"column":8},"end":{"line":63,"column":45}},"19":{"start":{"line":79,"column":0},"end":{"line":107,"column":1}},"20":{"start":{"line":80,"column":4},"end":{"line":106,"column":5}},"21":{"start":{"line":81,"column":8},"end":{"line":81,"column":41}},"22":{"start":{"line":82,"column":27},"end":{"line":82,"column":78}},"23":{"start":{"line":84,"column":8},"end":{"line":103,"column":9}},"24":{"start":{"line":87,"column":36},"end":{"line":87,"column":72}},"25":{"start":{"line":89,"column":31},"end":{"line":89,"column":33}},"26":{"start":{"line":90,"column":12},"end":{"line":97,"column":13}},"27":{"start":{"line":92,"column":16},"end":{"line":96,"column":18}},"28":{"start":{"line":99,"column":12},"end":{"line":99,"column":103}},"29":{"start":{"line":102,"column":12},"end":{"line":102,"column":84}},"30":{"start":{"line":105,"column":8},"end":{"line":105,"column":44}},"31":{"start":{"line":123,"column":0},"end":{"line":164,"column":1}},"32":{"start":{"line":124,"column":4},"end":{"line":163,"column":5}},"33":{"start":{"line":126,"column":27},"end":{"line":126,"column":78}},"34":{"start":{"line":127,"column":8},"end":{"line":127,"column":48}},"35":{"start":{"line":130,"column":8},"end":{"line":159,"column":9}},"36":{"start":{"line":132,"column":25},"end":{"line":134,"column":13}},"37":{"start":{"line":137,"column":31},"end":{"line":137,"column":87}},"38":{"start":{"line":139,"column":12},"end":{"line":156,"column":13}},"39":{"start":{"line":142,"column":44},"end":{"line":142,"column":93}},"40":{"start":{"line":143,"column":41},"end":{"line":143,"column":43}},"41":{"start":{"line":145,"column":16},"end":{"line":150,"column":17}},"42":{"start":{"line":146,"column":20},"end":{"line":149,"column":22}},"43":{"start":{"line":152,"column":16},"end":{"line":152,"column":127}},"44":{"start":{"line":155,"column":16},"end":{"line":155,"column":83}},"45":{"start":{"line":158,"column":12},"end":{"line":158,"column":84}},"46":{"start":{"line":162,"column":8},"end":{"line":162,"column":44}},"47":{"start":{"line":191,"column":0},"end":{"line":228,"column":1}},"48":{"start":{"line":192,"column":4},"end":{"line":227,"column":5}},"49":{"start":{"line":193,"column":8},"end":{"line":193,"column":39}},"50":{"start":{"line":195,"column":27},"end":{"line":195,"column":77}},"51":{"start":{"line":197,"column":8},"end":{"line":224,"column":9}},"52":{"start":{"line":200,"column":25},"end":{"line":203,"column":13}},"53":{"start":{"line":206,"column":33},"end":{"line":206,"column":80}},"54":{"start":{"line":209,"column":12},"end":{"line":220,"column":13}},"55":{"start":{"line":211,"column":27},"end":{"line":211,"column":76}},"56":{"start":{"line":213,"column":44},"end":{"line":213,"column":85}},"57":{"start":{"line":215,"column":16},"end":{"line":215,"column":122}},"58":{"start":{"line":219,"column":16},"end":{"line":219,"column":82}},"59":{"start":{"line":223,"column":12},"end":{"line":223,"column":84}},"60":{"start":{"line":226,"column":8},"end":{"line":226,"column":46}},"61":{"start":{"line":254,"column":0},"end":{"line":286,"column":1}},"62":{"start":{"line":255,"column":4},"end":{"line":285,"column":5}},"63":{"start":{"line":257,"column":8},"end":{"line":257,"column":41}},"64":{"start":{"line":258,"column":27},"end":{"line":258,"column":78}},"65":{"start":{"line":260,"column":8},"end":{"line":281,"column":9}},"66":{"start":{"line":261,"column":25},"end":{"line":263,"column":13}},"67":{"start":{"line":265,"column":33},"end":{"line":265,"column":89}},"68":{"start":{"line":267,"column":12},"end":{"line":267,"column":39}},"69":{"start":{"line":269,"column":12},"end":{"line":278,"column":13}},"70":{"start":{"line":271,"column":47},"end":{"line":271,"column":111}},"71":{"start":{"line":274,"column":16},"end":{"line":274,"column":115}},"72":{"start":{"line":277,"column":16},"end":{"line":277,"column":82}},"73":{"start":{"line":280,"column":12},"end":{"line":280,"column":84}},"74":{"start":{"line":284,"column":8},"end":{"line":284,"column":44}}},"fnMap":{"0":{"name":"(anonymous_0)","decl":{"start":{"line":38,"column":23},"end":{"line":38,"column":24}},"loc":{"start":{"line":38,"column":47},"end":{"line":65,"column":1}},"line":38},"1":{"name":"(anonymous_1)","decl":{"start":{"line":79,"column":28},"end":{"line":79,"column":29}},"loc":{"start":{"line":79,"column":53},"end":{"line":107,"column":1}},"line":79},"2":{"name":"(anonymous_2)","decl":{"start":{"line":123,"column":34},"end":{"line":123,"column":35}},"loc":{"start":{"line":123,"column":59},"end":{"line":164,"column":1}},"line":123},"3":{"name":"(anonymous_3)","decl":{"start":{"line":191,"column":27},"end":{"line":191,"column":28}},"loc":{"start":{"line":191,"column":52},"end":{"line":228,"column":1}},"line":191},"4":{"name":"(anonymous_4)","decl":{"start":{"line":254,"column":36},"end":{"line":254,"column":37}},"loc":{"start":{"line":254,"column":61},"end":{"line":286,"column":1}},"line":254}},"branchMap":{"0":{"loc":{"start":{"line":42,"column":8},"end":{"line":61,"column":9}},"type":"if","locations":[{"start":{"line":42,"column":8},"end":{"line":61,"column":9}},{"start":{"line":42,"column":8},"end":{"line":61,"column":9}}],"line":42},"1":{"loc":{"start":{"line":50,"column":12},"end":{"line":58,"column":13}},"type":"if","locations":[{"start":{"line":50,"column":12},"end":{"line":58,"column":13}},{"start":{"line":50,"column":12},"end":{"line":58,"column":13}}],"line":50},"2":{"loc":{"start":{"line":84,"column":8},"end":{"line":103,"column":9}},"type":"if","locations":[{"start":{"line":84,"column":8},"end":{"line":103,"column":9}},{"start":{"line":84,"column":8},"end":{"line":103,"column":9}}],"line":84},"3":{"loc":{"start":{"line":130,"column":8},"end":{"line":159,"column":9}},"type":"if","locations":[{"start":{"line":130,"column":8},"end":{"line":159,"column":9}},{"start":{"line":130,"column":8},"end":{"line":159,"column":9}}],"line":130},"4":{"loc":{"start":{"line":139,"column":12},"end":{"line":156,"column":13}},"type":"if","locations":[{"start":{"line":139,"column":12},"end":{"line":156,"column":13}},{"start":{"line":139,"column":12},"end":{"line":156,"column":13}}],"line":139},"5":{"loc":{"start":{"line":197,"column":8},"end":{"line":224,"column":9}},"type":"if","locations":[{"start":{"line":197,"column":8},"end":{"line":224,"column":9}},{"start":{"line":197,"column":8},"end":{"line":224,"column":9}}],"line":197},"6":{"loc":{"start":{"line":209,"column":12},"end":{"line":220,"column":13}},"type":"if","locations":[{"start":{"line":209,"column":12},"end":{"line":220,"column":13}},{"start":{"line":209,"column":12},"end":{"line":220,"column":13}}],"line":209},"7":{"loc":{"start":{"line":260,"column":8},"end":{"line":281,"column":9}},"type":"if","locations":[{"start":{"line":260,"column":8},"end":{"line":281,"column":9}},{"start":{"line":260,"column":8},"end":{"line":281,"column":9}}],"line":260},"8":{"loc":{"start":{"line":269,"column":12},"end":{"line":278,"column":13}},"type":"if","locations":[{"start":{"line":269,"column":12},"end":{"line":278,"column":13}},{"start":{"line":269,"column":12},"end":{"line":278,"column":13}}],"line":269}},"s":{"0":1,"1":1,"2":1,"3":1,"4":1,"5":1,"6":4,"7":4,"8":4,"9":3,"10":2,"11":2,"12":2,"13":2,"14":1,"15":1,"16":1,"17":1,"18":1,"19":1,"20":3,"21":3,"22":3,"23":2,"24":1,"25":1,"26":1,"27":15,"28":1,"29":1,"30":1,"31":1,"32":4,"33":4,"34":3,"35":3,"36":2,"37":2,"38":2,"39":1,"40":1,"41":1,"42":1,"43":1,"44":1,"45":1,"46":1,"47":1,"48":4,"49":4,"50":4,"51":3,"52":2,"53":2,"54":2,"55":1,"56":1,"57":1,"58":1,"59":1,"60":1,"61":1,"62":4,"63":4,"64":4,"65":3,"66":2,"67":2,"68":2,"69":2,"70":1,"71":1,"72":1,"73":1,"74":1},"f":{"0":4,"1":3,"2":4,"3":4,"4":4},"b":{"0":[2,1],"1":[1,1],"2":[1,1],"3":[2,1],"4":[1,1],"5":[2,1],"6":[1,1],"7":[2,1],"8":[1,1]},"_coverageSchema":"1a1c01bbd47fc00a2c39e90264f33305004495a9","hash":"ba78a7abbfc05daf2fc22092e13b899582ab690a","contentHash":"e3845e7de691607d27eae34433e56f8cecc0773587f03bb7d9cdd020f39ce5bf"},"D:\\Git repo for Office\\00-Research\\exam_portal\\src\\dao\\questionDao.js":{"path":"D:\\Git repo for Office\\00-Research\\exam_portal\\src\\dao\\questionDao.js","statementMap":{"0":{"start":{"line":3,"column":15},"end":{"line":3,"column":55}},"1":{"start":{"line":4,"column":38},"end":{"line":4,"column":58}},"2":{"start":{"line":5,"column":17},"end":{"line":5,"column":45}},"3":{"start":{"line":8,"column":11},"end":{"line":8,"column":21}},"4":{"start":{"line":11,"column":11},"end":{"line":11,"column":62}},"5":{"start":{"line":12,"column":12},"end":{"line":12,"column":64}},"6":{"start":{"line":13,"column":10},"end":{"line":13,"column":60}},"7":{"start":{"line":16,"column":22},"end":{"line":16,"column":52}},"8":{"start":{"line":18,"column":21},"end":{"line":65,"column":1}},"9":{"start":{"line":21,"column":8},"end":{"line":21,"column":41}},"10":{"start":{"line":22,"column":8},"end":{"line":22,"column":25}},"11":{"start":{"line":24,"column":8},"end":{"line":24,"column":110}},"12":{"start":{"line":28,"column":8},"end":{"line":28,"column":44}},"13":{"start":{"line":29,"column":8},"end":{"line":29,"column":95}},"14":{"start":{"line":33,"column":8},"end":{"line":33,"column":34}},"15":{"start":{"line":34,"column":8},"end":{"line":34,"column":75}},"16":{"start":{"line":39,"column":8},"end":{"line":39,"column":34}},"17":{"start":{"line":40,"column":8},"end":{"line":43,"column":31}},"18":{"start":{"line":47,"column":8},"end":{"line":47,"column":34}},"19":{"start":{"line":48,"column":8},"end":{"line":51,"column":31}},"20":{"start":{"line":55,"column":8},"end":{"line":55,"column":52}},"21":{"start":{"line":56,"column":8},"end":{"line":56,"column":126}},"22":{"start":{"line":60,"column":8},"end":{"line":60,"column":52}},"23":{"start":{"line":61,"column":8},"end":{"line":61,"column":111}},"24":{"start":{"line":67,"column":0},"end":{"line":67,"column":33}}},"fnMap":{"0":{"name":"(anonymous_0)","decl":{"start":{"line":20,"column":25},"end":{"line":20,"column":26}},"loc":{"start":{"line":20,"column":39},"end":{"line":25,"column":5}},"line":20},"1":{"name":"(anonymous_1)","decl":{"start":{"line":27,"column":18},"end":{"line":27,"column":19}},"loc":{"start":{"line":27,"column":32},"end":{"line":30,"column":5}},"line":27},"2":{"name":"(anonymous_2)","decl":{"start":{"line":32,"column":18},"end":{"line":32,"column":19}},"loc":{"start":{"line":32,"column":32},"end":{"line":35,"column":5}},"line":32},"3":{"name":"(anonymous_3)","decl":{"start":{"line":38,"column":22},"end":{"line":38,"column":23}},"loc":{"start":{"line":38,"column":36},"end":{"line":44,"column":5}},"line":38},"4":{"name":"(anonymous_4)","decl":{"start":{"line":46,"column":29},"end":{"line":46,"column":30}},"loc":{"start":{"line":46,"column":43},"end":{"line":52,"column":5}},"line":46},"5":{"name":"(anonymous_5)","decl":{"start":{"line":54,"column":23},"end":{"line":54,"column":24}},"loc":{"start":{"line":54,"column":37},"end":{"line":57,"column":5}},"line":54},"6":{"name":"(anonymous_6)","decl":{"start":{"line":59,"column":32},"end":{"line":59,"column":33}},"loc":{"start":{"line":59,"column":46},"end":{"line":62,"column":5}},"line":59}},"branchMap":{},"s":{"0":1,"1":1,"2":1,"3":1,"4":1,"5":1,"6":1,"7":1,"8":1,"9":2,"10":2,"11":2,"12":7,"13":7,"14":1,"15":1,"16":1,"17":1,"18":1,"19":1,"20":1,"21":1,"22":1,"23":1,"24":1},"f":{"0":2,"1":7,"2":1,"3":1,"4":1,"5":1,"6":1},"b":{},"_coverageSchema":"1a1c01bbd47fc00a2c39e90264f33305004495a9","hash":"df44acad2b8cfc4f140a5b2e3278045b3b25eb05","contentHash":"9f3202e82d3d18dd7eac5519993872796f87aa70c9a08fbe3ccf29907c4650e8"},"D:\\Git repo for Office\\00-Research\\exam_portal\\src\\controller\\resultCtrl.js":{"path":"D:\\Git repo for Office\\00-Research\\exam_portal\\src\\controller\\resultCtrl.js","statementMap":{"0":{"start":{"line":1,"column":16},"end":{"line":1,"column":43}},"1":{"start":{"line":3,"column":24},"end":{"line":3,"column":60}},"2":{"start":{"line":5,"column":16},"end":{"line":5,"column":64}},"3":{"start":{"line":7,"column":17},"end":{"line":7,"column":45}},"4":{"start":{"line":9,"column":18},"end":{"line":9,"column":55}},"5":{"start":{"line":45,"column":0},"end":{"line":70,"column":1}},"6":{"start":{"line":46,"column":4},"end":{"line":69,"column":5}},"7":{"start":{"line":47,"column":8},"end":{"line":47,"column":39}},"8":{"start":{"line":48,"column":27},"end":{"line":48,"column":72}},"9":{"start":{"line":50,"column":8},"end":{"line":66,"column":9}},"10":{"start":{"line":52,"column":35},"end":{"line":52,"column":80}},"11":{"start":{"line":54,"column":12},"end":{"line":63,"column":13}},"12":{"start":{"line":56,"column":36},"end":{"line":56,"column":76}},"13":{"start":{"line":57,"column":16},"end":{"line":57,"column":48}},"14":{"start":{"line":59,"column":16},"end":{"line":59,"column":108}},"15":{"start":{"line":62,"column":16},"end":{"line":62,"column":89}},"16":{"start":{"line":65,"column":12},"end":{"line":65,"column":84
[...]
":{"start":{"line":268,"column":42},"end":{"line":268,"column":105}},"74":{"start":{"line":271,"column":12},"end":{"line":271,"column":111}},"75":{"start":{"line":274,"column":12},"end":{"line":274,"column":78}},"76":{"start":{"line":277,"column":12},"end":{"line":277,"column":84}},"77":{"start":{"line":281,"column":8},"end":{"line":281,"column":44}}},"fnMap":{"0":{"name":"(anonymous_0)","decl":{"start":{"line":40,"column":22},"end":{"line":40,"column":23}},"loc":{"start":{"line":40,"column":47},"end":{"line":66,"column":1}},"line":40},"1":{"name":"(anonymous_1)","decl":{"start":{"line":80,"column":27},"end":{"line":80,"column":28}},"loc":{"start":{"line":80,"column":52},"end":{"line":108,"column":1}},"line":80},"2":{"name":"(anonymous_2)","decl":{"start":{"line":125,"column":27},"end":{"line":125,"column":28}},"loc":{"start":{"line":125,"column":52},"end":{"line":166,"column":1}},"line":125},"3":{"name":"(anonymous_3)","decl":{"start":{"line":196,"column":27},"end":{"line":196,"column":28}},"loc":{"start":{"line":196,"column":52},"end":{"line":230,"column":1}},"line":196},"4":{"name":"(anonymous_4)","decl":{"start":{"line":254,"column":36},"end":{"line":254,"column":37}},"loc":{"start":{"line":254,"column":61},"end":{"line":283,"column":1}},"line":254}},"branchMap":{"0":{"loc":{"start":{"line":45,"column":8},"end":{"line":62,"column":9}},"type":"if","locations":[{"start":{"line":45,"column":8},"end":{"line":62,"column":9}},{"start":{"line":45,"column":8},"end":{"line":62,"column":9}}],"line":45},"1":{"loc":{"start":{"line":50,"column":12},"end":{"line":59,"column":13}},"type":"if","locations":[{"start":{"line":50,"column":12},"end":{"line":59,"column":13}},{"start":{"line":50,"column":12},"end":{"line":59,"column":13}}],"line":50},"2":{"loc":{"start":{"line":85,"column":8},"end":{"line":104,"column":9}},"type":"if","locations":[{"start":{"line":85,"column":8},"end":{"line":104,"column":9}},{"start":{"line":85,"column":8},"end":{"line":104,"column":9}}],"line":85},"3":{"loc":{"start":{"line":130,"column":8},"end":{"line":161,"column":9}},"type":"if","locations":[{"start":{"line":130,"column":8},"end":{"line":161,"column":9}},{"start":{"line":130,"column":8},"end":{"line":161,"column":9}}],"line":130},"4":{"loc":{"start":{"line":139,"column":12},"end":{"line":158,"column":13}},"type":"if","locations":[{"start":{"line":139,"column":12},"end":{"line":158,"column":13}},{"start":{"line":139,"column":12},"end":{"line":158,"column":13}}],"line":139},"5":{"loc":{"start":{"line":201,"column":8},"end":{"line":226,"column":9}},"type":"if","locations":[{"start":{"line":201,"column":8},"end":{"line":226,"column":9}},{"start":{"line":201,"column":8},"end":{"line":226,"column":9}}],"line":201},"6":{"loc":{"start":{"line":211,"column":3},"end":{"line":222,"column":13}},"type":"if","locations":[{"start":{"line":211,"column":3},"end":{"line":222,"column":13}},{"start":{"line":211,"column":3},"end":{"line":222,"column":13}}],"line":211},"7":{"loc":{"start":{"line":260,"column":8},"end":{"line":278,"column":9}},"type":"if","locations":[{"start":{"line":260,"column":8},"end":{"line":278,"column":9}},{"start":{"line":260,"column":8},"end":{"line":278,"column":9}}],"line":260},"8":{"loc":{"start":{"line":267,"column":3},"end":{"line":275,"column":9}},"type":"if","locations":[{"start":{"line":267,"column":3},"end":{"line":275,"column":9}},{"start":{"line":267,"column":3},"end":{"line":275,"column":9}}],"line":267}},"s":{"0":1,"1":1,"2":1,"3":1,"4":1,"5":1,"6":4,"7":4,"8":4,"9":3,"10":2,"11":2,"12":2,"13":1,"14":1,"15":1,"16":1,"17":1,"18":1,"19":1,"20":3,"21":3,"22":3,"23":2,"24":2,"25":1,"26":1,"27":1,"28":10,"29":1,"30":1,"31":1,"32":1,"33":4,"34":4,"35":4,"36":3,"37":3,"38":2,"39":2,"40":2,"41":2,"42":1,"43":1,"44":1,"45":1,"46":1,"47":1,"48":1,"49":1,"50":1,"51":4,"52":4,"53":4,"54":4,"55":3,"56":2,"57":2,"58":2,"59":1,"60":1,"61":1,"62":1,"63":1,"64":1,"65":1,"66":4,"67":4,"68":4,"69":3,"70":2,"71":2,"72":2,"73":1,"74":1,"75":1,"76":1,"77":1},"f":{"0":4,"1":3,"2":4,"3":4,"4":4},"b":{"0":[2,1],"1":[1,1],"2":[1,1],"3":[2,1],"4":[1,1],"5":[2,1],"6":[1,1],"7":[2,1],"8":[1,1]},"_coverageSchema":"1a1c01bbd47fc00a2c39e90264f33305004495a9","hash":"db3317af98ffc739fbf094e569324199ab0673b6","contentHash":"79d439e958c1d2af0c30a29b1318dd144dedc3e4a056e4eefd06f628652470aa"},"D:\\Git repo for Office\\00-Research\\exam_portal\\src\\dao\\timeSlotDao.js":{"path":"D:\\Git repo for Office\\00-Research\\exam_portal\\src\\dao\\timeSlotDao.js","statementMap":{"0":{"start":{"line":3,"column":15},"end":{"line":3,"column":55}},"1":{"start":{"line":4,"column":38},"end":{"line":4,"column":58}},"2":{"start":{"line":5,"column":17},"end":{"line":5,"column":45}},"3":{"start":{"line":8,"column":11},"end":{"line":8,"column":21}},"4":{"start":{"line":11,"column":11},"end":{"line":11,"column":62}},"5":{"start":{"line":12,"column":12},"end":{"line":12,"column":64}},"6":{"start":{"line":13,"column":10},"end":{"line":13,"column":60}},"7":{"start":{"line":16,"column":22},"end":{"line":16,"column":52}},"8":{"start":{"line":19,"column":20},"end":{"line":61,"column":1}},"9":{"start":{"line":22,"column":8},"end":{"line":22,"column":34}},"10":{"start":{"line":23,"column":8},"end":{"line":23,"column":67}},"11":{"start":{"line":27,"column":8},"end":{"line":27,"column":41}},"12":{"start":{"line":28,"column":8},"end":{"line":28,"column":140}},"13":{"start":{"line":32,"column":8},"end":{"line":32,"column":40}},"14":{"start":{"line":33,"column":8},"end":{"line":33,"column":158}},"15":{"start":{"line":37,"column":8},"end":{"line":37,"column":34}},"16":{"start":{"line":38,"column":8},"end":{"line":41,"column":31}},"17":{"start":{"line":45,"column":8},"end":{"line":45,"column":34}},"18":{"start":{"line":46,"column":8},"end":{"line":49,"column":31}},"19":{"start":{"line":53,"column":8},"end":{"line":53,"column":50}},"20":{"start":{"line":54,"column":8},"end":{"line":54,"column":156}},"21":{"start":{"line":58,"column":8},"end":{"line":58,"column":52}},"22":{"start":{"line":59,"column":8},"end":{"line":59,"column":96}},"23":{"start":{"line":63,"column":0},"end":{"line":63,"column":32}}},"fnMap":{"0":{"name":"(anonymous_0)","decl":{"start":{"line":21,"column":17},"end":{"line":21,"column":18}},"loc":{"start":{"line":21,"column":31},"end":{"line":24,"column":5}},"line":21},"1":{"name":"(anonymous_1)","decl":{"start":{"line":26,"column":20},"end":{"line":26,"column":21}},"loc":{"start":{"line":26,"column":34},"end":{"line":29,"column":5}},"line":26},"2":{"name":"(anonymous_2)","decl":{"start":{"line":31,"column":18},"end":{"line":31,"column":19}},"loc":{"start":{"line":31,"column":32},"end":{"line":34,"column":5}},"line":31},"3":{"name":"(anonymous_3)","decl":{"start":{"line":36,"column":21},"end":{"line":36,"column":22}},"loc":{"start":{"line":36,"column":35},"end":{"line":42,"column":5}},"line":36},"4":{"name":"(anonymous_4)","decl":{"start":{"line":44,"column":28},"end":{"line":44,"column":29}},"loc":{"start":{"line":44,"column":42},"end":{"line":50,"column":5}},"line":44},"5":{"name":"(anonymous_5)","decl":{"start":{"line":52,"column":22},"end":{"line":52,"column":23}},"loc":{"start":{"line":52,"column":36},"end":{"line":55,"column":5}},"line":52},"6":{"name":"(anonymous_6)","decl":{"start":{"line":57,"column":31},"end":{"line":57,"column":32}},"loc":{"start":{"line":57,"column":45},"end":{"line":60,"column":7}},"line":57}},"branchMap":{},"s":{"0":1,"1":1,"2":1,"3":1,"4":1,"5":1,"6":1,"7":1,"8":1,"9":1,"10":1,"11":2,"12":2,"13":7,"14":7,"15":1,"16":1,"17":1,"18":1,"19":1,"20":1,"21":1,"22":1,"23":1},"f":{"0":1,"1":2,"2":7,"3":1,"4":1,"5":1,"6":1},"b":{},"_coverageSchema":"1a1c01bbd47fc00a2c39e90264f33305004495a9","hash":"40da3513871dbde7c9cd7d8d52bb479892412404","contentHash":"9ea1f0bafa2a664a92d8ac3eca9c752a3a62dee5dad1a37f9159ced492385af4"},"D:\\Git repo for Office\\00-Research\\exam_portal\\src\\controller\\userCtrl.js":{"path":"D:\\Git repo for Office\\00-Research\\exam_portal\\src\\controller\\userCtrl.js","statementMap":{"0":{"start":{"line":1,"column":16},"end":{"line":1,"column":43}},"1":{"start":{"line":3,"column":16},"end":{"line":3,"column":53}},"2":{"start":{"line":5,"column":15},"end":{"line":5,"column":32}},"3":{"start":{"line":7,"column":14},"end":{"line":7,"column":39}},"4":{"start":{"line":10,"column":24},"end":{"line":10,"column":60}},"5":{"start":{"line":12,"column":16},"end":{"line":12,"column":64}},"6":{"start":{"line":14,"column":17},"end":{"line":14,"column":45}},"7":{"start":{"line":16,"column":22},"end":{"line":16,"column":49}},"8":{"start":{"line":18,"column":12},"end":{"line":18,"column":35}},"9":{"start":{"line":19,"column":18},"end":{"line":19,"column":53}},"10":{"start":{"line":54,"column":0},"end":{"line":79,"column":1}},"11":{"start":{"line":55,"column":4},"end":{"line":78,"column":5}},"12":{"start":{"line":56,"column":27},"end":{"line":63,"column":9}},"13":{"start":{"line":66,"column":29},"end":{"line":66,"column":78}},"14":{"start":{"line":67,"column":8},"end":{"line":75,"column":9}},"15":{"start":{"line":69,"column":23},"end":{"line":69,"column":56}},"16":{"start":{"line":70,"column":12},"end":{"line":70,"column":44}},"17":{"start":{"line":72,"column":12},"end":{"line":72,"column":84}},"18":{"start":{"line":74,"column":12},"end":{"line":74,"column":75}},"19":{"start":{"line":77,"column":8},"end":{"line":77,"column":44}},"20":{"start":{"line":91,"column":0},"end":{"line":108,"column":1}},"21":{"start":{"line":92,"column":4},"end":{"line":107,"column":5}},"22":{"start":{"line":94,"column":8},"end":{"line":94,"column":28}},"23":{"start":{"line":95,"column":26},"end":{"line":95,"column":71}},"24":{"start":{"line":97,"column":8},"end":{"line":104,"column":9}},"25":{"start":{"line":98,"column":12},"end":{"line":98,"column":36}},"26":{"start":{"line":101,"column":30},"end":{"line":101,"column":91}},"27":{"start":{"line":103,"column":12},"end":{"line":103,"column":100}},"28":{"start":{"line":106,"column":8},"end":{"line":106,"column":45}},"29":{"start":{"line":132,"column":0},"end":{"line":193,"column":1}},"30":{"start":{"line":133,"column":4},"end":{"line":192,"column":5}},"31":{"start":{"line":134,"column":29},"end":{"line":134,"column":75}},"32":{"start":{"line":137,"column":8},"end":{"line":189,"column":9}},"33":{"start":{"line":139,"column":12},"end":{"line":139,"column":55}},"34":{"start":{"line":141,"column":12},"end":{"line":141,"column":59}},"35":{"start":{"line":144,"column":37},"end":{"line":144,"column":99}},"36":{"start":{"line":145,"column":12},"end":{"line":145,"column":65}},"37":{"start":{"line":146,"column":12},"end":{"line":186,"column":13}},"38":{"start":{"line":148,"column":35},"end":{"line":148,"column":77}},"39":{"start":{"line":149,"column":35},"end":{"line":149,"column":65}},"40":{"start":{"line":150,"column":44},"end":{"line":150,"column":79}},"41":{"start":{"line":155,"column":28},"end":{"line":160,"column":70}},"42":{"start":{"line":161,"column":16},"end":{"line":161,"column":17}},"43":{"start":{"line":162,"column":16},"end":{"line":165,"column":17}},"44":{"start":{"line":167,"column":16},"end":{"line":167,"column":69}},"45":{"start":{"line":170,"column":28},"end":{"line":182,"column":17}},"46":{"start":{"line":183,"column":16},"end":{"line":183,"column":94}},"47":{"start":{"line":185,"column":16},"end":{"line":185,"column":86}},"48":{"start":{"line":188,"column":12},"end":{"line":188,"column":82}},"49":{"start":{"line":191,"column":8},"end":{"line":191,"column":45}},"50":{"start":{"line":225,"column":0},"end":{"line":263,"column":1}},"51":{"start":{"line":226,"column":4},"end":{"line":262,"column":5}},"52":{"start":{"line":227,"column":27},"end":{"line":227,"column":77}},"53":{"start":{"line":231,"column":8},"end":{"line":255,"column":12}},"54":{"start":{"line":232,"column":25},"end":{"line":239,"column":13}},"55":{"start":{"line":241,"column":33},"end":{"line":241,"column":75}},"56":{"start":{"line":243,"column":12},"end":{"line":253,"column":14}},"57":{"start":{"line":244,"column":16},"end":{"line":244,"column":56}},"58":{"start":{"line":246,"column":27},"end":{"line":246,"column":66}},"59":{"start":{"line":248,"column":16},"end":{"line":253,"column":13}},"60":{"start":{"line":250,"column":36},"end":{"line":250,"column":78}},"61":{"start":{"line":252,"column":16},"end":{"line":252,"column":124}},"62":{"start":{"line":261,"column":8},"end":{"line":261,"column":46}}},"fnMap":{"0":{"name":"(anonymous_0)","decl":{"start":{"line":54,"column":21},"end":{"line":54,"column":22}},"loc":{"start":{"line":54,"column":45},"end":{"line":79,"column":1}},"line":54},"1":{"name":"(anonymous_1)","decl":{"start":{"line":91,"column":26},"end":{"line":91,"column":27}},"loc":{"start":{"line":91,"column":50},"end":{"line":108,"column":1}},"line":91},"2":{"name":"(anonymous_2)","decl":{"start":{"line":132,"column":16},"end":{"line":132,"column":17}},"loc":{"start":{"line":132,"column":40},"end":{"line":193,"column":1}},"line":132},"3":{"name":"(anonymous_3)","decl":{"start":{"line":225,"column":28},"end":{"line":225,"column":29}},"loc":{"start":{"line":225,"column":53},"end":{"line":263,"column":1}},"line":225}},"branchMap":{"0":{"loc":{"start":{"line":67,"column":8},"end":{"line":75,"column":9}},"type":"if","locations":[{"start":{"line":67,"column":8},"end":{"line":75,"column":9}},{"start":{"line":67,"column":8},"end":{"line":75,"column":9}}],"line":67},"1":{"loc":{"start":{"line":97,"column":8},"end":{"line":104,"column":9}},"type":"if","locations":[{"start":{"line":97,"column":8},"end":{"line":104,"column":9}},{"start":{"line":97,"column":8},"end":{"line":104,"column":9}}],"line":97},"2":{"loc":{"start":{"line":97,"column":12},"end":{"line":97,"column":121}},"type":"binary-expr","locations":[{"start":{"line":97,"column":12},"end":{"line":97,"column":64}},{"start":{"line":97,"column":68},"end":{"line":97,"column":121}}],"line":97},"3":{"loc":{"start":{"line":137,"column":8},"end":{"line":189,"column":9}},"type":"if","locations":[{"start":{"line":137,"column":8},"end":{"line":189,"column":9}},{"start":{"line":137,"column":8},"end":{"line":189,"column":9}}],"line":137},"4":{"loc":{"start":{"line":137,"column":12},"end":{"line":137,"column":98}},"type":"binary-expr","locations":[{"start":{"line":137,"column":12},"end":{"line":137,"column":34}},{"start":{"line":137,"column":38},"end":{"line":137,"column":65}},{"start":{"line":137,"column":69},"end":{"line":137,"column":98}}],"line":137},"5":{"loc":{"start":{"line":146,"column":12},"end":{"line":186,"column":13}},"type":"if","locations":[{"start":{"line":146,"column":12},"end":{"line":186,"column":13}},{"start":{"line":146,"column":12},"end":{"line":186,"column":13}}],"line":146},"6":{"loc":{"start":{"line":231,"column":8},"end":{"line":255,"column":12}},"type":"if","locations":[{"start":{"line":231,"column":8},"end":{"line":255,"column":12}},{"start":{"line":231,"column":8},"end":{"line":255,"column":12}}],"line":231},"7":{"loc":{"start":{"line":231,"column":12},"end":{"line":231,"column":123}},"type":"binary-expr","locations":[{"start":{"line":231,"column":12},"end":{"line":231,"column":65}},{"start":{"line":231,"column":69},"end":{"line":231,"column":123}}],"line":231},"8":{"loc":{"start":{"line":243,"column":12},"end":{"line":253,"column":14}},"type":"if","locations":[{"start":{"line":243,"column":12},"end":{"line":253,"column":14}},{"start":{"line":243,"column":12},"end":{"line":253,"column":14}}],"line":243},"9":{"loc":{"start":{"line":248,"column":16},"end":{"line":253,"column":13}},"type":"if","locations":[{"start":{"line":248,"column":16},"end":{"line":253,"column":13}},{"start":{"line":248,"column":16},"end":{"line":253,"column":13}}],"line":248}},"s":{"0":1,"1":1,"2":1,"3":1,"4":1,"5":1,"6":1,"7":1,"8":1,"9":1,"10":1,"11":2,"12":2,"13":2,"14":2,"15":1,"16":1,"17":1,"18":1,"19":0,"20":1,"21":1,"22":1,"23":1,"24":1,"25":1,"26":1,"27":1,"28":0,"29":1,"30":3,"31":3,"32":3,"33":2,"34":2,"35":2,"36":2,"37":2,"38":1,"39":1,"40":1,"41":1,"42":1,"43":1,"44":1,"45":1,"46":1,"47":1,"48":1,"49":0,"50":1,"51":2,"52":2,"53":1,"54":1,"55":1,"56":1,"57":1,"58":1,"59":1,"60":1,"61":1,"62":1},"f":{"0":2,"1":1,"2":3,"3":2},"b":{"0":[1,1],"1":[1,0],"2":[1,1],"3":[2,1],"4":[3,2,2],"5":[1,1],"6":[1,0],"7":[1,1],"8":[1,0],"9":[1,0]},"_coverageSchema":"1a1c01bbd47fc00a2c39e90264f33305004495a9","hash":"341c6be33f8d53797751f3d3eef9199602ffbc30","contentHash":"792d0492504e6e3f5ed13126539719694c4b9282654f098fd00ed84555a70437"},"D:\\Git repo for Office\\00-Research\\exam_portal\\src\\dao\\userDao.js":{"path":"D:\\Git repo for Office\\00-Research\\exam_portal\\src\\dao\\userDao.js","statementMap":{"0":{"start":{"line":3,"column":15},"end":{"line":3,"column":55}},"1":{"start":{"line":4,"column":38},"end":{"line":4,"column":58}},"2":{"start":{"line":5,"column":17},"end":{"line":5,"column":45}},"3":{"start":{"line":8,"column":11},"end":{"line":8,"column":21}},"4":{"start":{"line":11,"column":11},"end":{"line":11,"column":62}},"5":{"start":{"line":12,"column":12},"end":{"line":12,"column":64}},"6":{"start":{"line":13,"column":10},"end":{"line":13,"column":60}},"7":{"start":{"line":16,"column":22},"end":{"line":16,"column":52}},"8":{"start":{"line":19,"column":20},"end":{"line":71,"column":1}},"9":{"start":{"line":21,"column":4},"end":{"line":21,"column":42}},"10":{"start":{"line":22,"column":4},"end":{"line":22,"column":64}},"11":{"start":{"line":26,"column":4},"end":{"line":26,"column":40}},"12":{"start":{"line":27,"column":4},"end":{"line":27,"column":155}},"13":{"start":{"line":30,"column":4},"end":{"line":30,"column":43}},"14":{"start":{"line":31,"column":4},"end":{"line":31,"column":211}},"15":{"start":{"line":38,"column":4},"end":{"line":38,"column":37}},"16":{"start":{"line":39,"column":4},"end":{"line":39,"column":42}},"17":{"start":{"line":40,"column":4},"end":{"line":40,"column":90}},"18":{"start":{"line":51,"column":4},"end":{"line":54,"column":27}},"19":{"start":{"line":59,"column":4},"end":{"line":59,"column":59}},"20":{"start":{"line":60,"column":4},"end":{"line":60,"column":70}},"21":{"start":{"line":73,"column":0},"end":{"line":73,"column":32}}},"fnMap":{"0":{"name":"(anonymous_0)","decl":{"start":{"line":20,"column":11},"end":{"line":20,"column":12}},"loc":{"start":{"line":20,"column":25},"end":{"line":24,"column":3}},"line":20},"1":{"name":"(anonymous_1)","decl":{"start":{"line":25,"column":16},"end":{"line":25,"column":17}},"loc":{"start":{"line":25,"column":30},"end":{"line":28,"column":3}},"line":25},"2":{"name":"(anonymous_2)","decl":{"start":{"line":29,"column":21},"end":{"line":29,"column":22}},"loc":{"start":{"line":29,"column":35},"end":{"line":32,"column":3}},"line":29},"3":{"name":"(anonymous_3)","decl":{"start":{"line":37,"column":18},"end":{"line":37,"column":19}},"loc":{"start":{"line":37,"column":32},"end":{"line":41,"column":3}},"line":37},"4":{"name":"(anonymous_4)","decl":{"start":{"line":50,"column":25},"end":{"line":50,"column":26}},"loc":{"start":{"line":50,"column":39},"end":{"line":55,"column":3}},"line":50},"5":{"name":"(anonymous_5)","decl":{"start":{"line":58,"column":25},"end":{"line":58,"column":26}},"loc":{"start":{"line":58,"column":39},"end":{"line":61,"column":3}},"line":58}},"branchMap":{},"s":{"0":1,"1":1,"2":1,"3":1,"4":1,"5":1,"6":1,"7":1,"8":1,"9":1,"10":1,"11":2,"12":2,"13":1,"14":1,"15":5,"16":5,"17":5,"18":1,"19":1,"20":1,"21":1},"f":{"0":1,"1":2,"2":1,"3":5,"4":1,"5":1},"b":{},"_coverageSchema":"1a1c01bbd47fc00a2c39e90264f33305004495a9","hash":"80b78524831059b46eed042b85247382cb5c7b16","contentHash":"6e2bef1311153b0f872e7f2b33d94cbaff66e33619451652427d35ebc5c99e64"},"D:\\Git repo for Office\\00-Research\\exam_portal\\src\\utils\\email.js":{"path":"D:\\Git repo for Office\\00-Research\\exam_portal\\src\\utils\\email.js","statementMap":{},"fnMap":{},"branchMap":{},"s":{},"f":{},"b":{},"_coverageSchema":"1a1c01bbd47fc00a2c39e90264f33305004495a9","hash":"9cad4481f8c52ec89d8ac34daabc05d776cafe90","contentHash":"1623f5f1564f39c743f700104a617658e50a7ff9604d7b0c67df74ae6b237442"}}